---------------------------------------------------------------
[ 2020-12-04T15:49:32+08:00 ] 127.0.0.1 GET testfast.phpweb.com/index/index
[运行时间：0.204593s] [吞吐率：4.89req/s] [内存消耗：4,499.24kb] [文件加载：150]
[ info ] [ BEHAVIOR ] Run Closure @app_init [ RunTime:0.000096s ]
[ info ] [ CACHE ] INIT File
[ info ] [ BEHAVIOR ] Run Closure @app_init [ RunTime:0.004078s ]
[ info ] [ LANG ] D:\phpstudy_pro\WWW\testfast\thinkphp\lang\zh-cn.php
[ info ] [ BEHAVIOR ] Run app\common\behavior\Common @app_dispatch [ RunTime:0.001115s ]
[ info ] [ BIND ] 'admin'
[ info ] [ ROUTE ] array (
  'type' => 'module',
  'module' => 
  array (
    0 => 'admin',
    1 => 'index',
    2 => 'index',
  ),
)
[ info ] [ HEADER ] array (
  'cookie' => '_ga=GA1.2.1453279067.1606274574; PHPSESSID=ovb3ko0vib2voma1bnnmj5udpl; think_var=zh-cn',
  'accept-language' => 'zh-CN,zh;q=0.9',
  'accept-encoding' => 'gzip, deflate',
  'accept' => 'text/html,application/xhtml+xml,application/xml;q=0.9,image/avif,image/webp,image/apng,*/*;q=0.8,application/signed-exchange;v=b3;q=0.9',
  'user-agent' => 'Mozilla/5.0 (Windows NT 10.0; Win64; x64) AppleWebKit/537.36 (KHTML, like Gecko) Chrome/86.0.4240.111 Safari/537.36',
  'upgrade-insecure-requests' => '1',
  'connection' => 'close',
  'host' => 'testfast.phpweb.com',
)
[ info ] [ PARAM ] array (
)
[ info ] [ LANG ] D:\phpstudy_pro\WWW\testfast\public/../application/admin\lang\zh-cn.php
[ info ] [ BEHAVIOR ] Run app\common\behavior\Common @module_init [ RunTime:0.004156s ]
[ info ] [ SESSION ] INIT array (
  'id' => '',
  'var_session_id' => '',
  'prefix' => 'think',
  'type' => '',
  'auto_start' => true,
)
[ info ] [ LANG ] D:\phpstudy_pro\WWW\testfast\public/../application/admin/lang/zh-cn/index.php
[ info ] [ RUN ] app\admin\controller\Index->index[ D:\phpstudy_pro\WWW\testfast\application\admin\controller\Index.php ]
[ info ] [ DB ] INIT mysql
[ info ] [ VIEW ] D:\phpstudy_pro\WWW\testfast\public/../application/admin\view\index\index.html [ array (
  0 => 'breadcrumb',
  1 => 'site',
  2 => 'config',
  3 => 'auth',
  4 => 'admin',
  5 => 'menulist',
  6 => 'navlist',
  7 => 'fixedmenu',
  8 => 'referermenu',
  9 => 'title',
) ]
[ info ] [ BEHAVIOR ] Run app\admin\behavior\AdminLog @app_end [ RunTime:0.000516s ]
[ info ] [ LOG ] INIT File
---------------------------------------------------------------
[ 2020-12-04T15:49:32+08:00 ] 127.0.0.1 GET testfast.phpweb.com/dashboard?addtabs=1
[运行时间：0.053307s] [吞吐率：18.76req/s] [内存消耗：4,309.23kb] [文件加载：139]
[ info ] [ BEHAVIOR ] Run Closure @app_init [ RunTime:0.000013s ]
[ info ] [ CACHE ] INIT File
[ info ] [ BEHAVIOR ] Run Closure @app_init [ RunTime:0.001003s ]
[ info ] [ LANG ] D:\phpstudy_pro\WWW\testfast\thinkphp\lang\zh-cn.php
[ info ] [ BEHAVIOR ] Run app\common\behavior\Common @app_dispatch [ RunTime:0.000194s ]
[ info ] [ BIND ] 'admin'
[ info ] [ ROUTE ] array (
  'type' => 'module',
  'module' => 
  array (
    0 => 'admin',
    1 => 'dashboard',
    2 => NULL,
  ),
)
[ info ] [ HEADER ] array (
  'cookie' => '_ga=GA1.2.1453279067.1606274574; PHPSESSID=ovb3ko0vib2voma1bnnmj5udpl; think_var=zh-cn',
  'accept-language' => 'zh-CN,zh;q=0.9',
  'accept-encoding' => 'gzip, deflate',
  'accept' => 'text/html,application/xhtml+xml,application/xml;q=0.9,image/avif,image/webp,image/apng,*/*;q=0.8,application/signed-exchange;v=b3;q=0.9',
  'user-agent' => 'Mozilla/5.0 (Windows NT 10.0; Win64; x64) AppleWebKit/537.36 (KHTML, like Gecko) Chrome/86.0.4240.111 Safari/537.36',
  'upgrade-insecure-requests' => '1',
  'connection' => 'close',
  'host' => 'testfast.phpweb.com',
)
[ info ] [ PARAM ] array (
  'addtabs' => '1',
)
[ info ] [ LANG ] D:\phpstudy_pro\WWW\testfast\public/../application/admin\lang\zh-cn.php
[ info ] [ BEHAVIOR ] Run app\common\behavior\Common @module_init [ RunTime:0.000925s ]
[ info ] [ SESSION ] INIT array (
  'id' => '',
  'var_session_id' => '',
  'prefix' => 'think',
  'type' => '',
  'auto_start' => true,
)
[ info ] [ DB ] INIT mysql
[ info ] [ LANG ] D:\phpstudy_pro\WWW\testfast\public/../application/admin/lang/zh-cn/dashboard.php
[ info ] [ RUN ] app\admin\controller\Dashboard->index[ D:\phpstudy_pro\WWW\testfast\application\admin\controller\Dashboard.php ]
[ info ] [ VIEW ] D:\phpstudy_pro\WWW\testfast\public/../application/admin\view\dashboard\index.html [ array (
  0 => 'breadcrumb',
  1 => 'site',
  2 => 'config',
  3 => 'auth',
  4 => 'admin',
  5 => 'totaluser',
  6 => 'totalviews',
  7 => 'totalorder',
  8 => 'totalorderamount',
  9 => 'todayuserlogin',
  10 => 'todayusersignup',
  11 => 'todayorder',
  12 => 'unsettleorder',
  13 => 'sevendnu',
  14 => 'sevendau',
  15 => 'paylist',
  16 => 'createlist',
  17 => 'addonversion',
  18 => 'uploadmode',
) ]
[ info ] [ BEHAVIOR ] Run app\admin\behavior\AdminLog @app_end [ RunTime:0.000127s ]
[ info ] [ LOG ] INIT File
---------------------------------------------------------------
[ 2020-12-04T15:49:33+08:00 ] 127.0.0.1 GET testfast.phpweb.com/ajax/lang?callback=define&controllername=index&lang=zh-cn&v=1607068172&v=1607068172
[运行时间：0.036424s] [吞吐率：27.45req/s] [内存消耗：3,401.85kb] [文件加载：132]
[ info ] [ BEHAVIOR ] Run Closure @app_init [ RunTime:0.000013s ]
[ info ] [ CACHE ] INIT File
[ info ] [ BEHAVIOR ] Run Closure @app_init [ RunTime:0.000996s ]
[ info ] [ LANG ] D:\phpstudy_pro\WWW\testfast\thinkphp\lang\zh-cn.php
[ info ] [ BEHAVIOR ] Run app\common\behavior\Common @app_dispatch [ RunTime:0.000182s ]
[ info ] [ BIND ] 'admin'
[ info ] [ ROUTE ] array (
  'type' => 'module',
  'module' => 
  array (
    0 => 'admin',
    1 => 'ajax',
    2 => 'lang',
  ),
)
[ info ] [ HEADER ] array (
  'cookie' => '_ga=GA1.2.1453279067.1606274574; PHPSESSID=ovb3ko0vib2voma1bnnmj5udpl; think_var=zh-cn',
  'accept-language' => 'zh-CN,zh;q=0.9',
  'accept-encoding' => 'gzip, deflate',
  'accept' => '*/*',
  'user-agent' => 'Mozilla/5.0 (Windows NT 10.0; Win64; x64) AppleWebKit/537.36 (KHTML, like Gecko) Chrome/86.0.4240.111 Safari/537.36',
  'connection' => 'close',
  'host' => 'testfast.phpweb.com',
)
[ info ] [ PARAM ] array (
  'callback' => 'define',
  'controllername' => 'index',
  'lang' => 'zh-cn',
  'v' => '1607068172',
)
[ info ] [ LANG ] D:\phpstudy_pro\WWW\testfast\public/../application/admin\lang\zh-cn.php
[ info ] [ BEHAVIOR ] Run app\common\behavior\Common @module_init [ RunTime:0.001416s ]
[ info ] [ SESSION ] INIT array (
  'id' => '',
  'var_session_id' => '',
  'prefix' => 'think',
  'type' => '',
  'auto_start' => true,
)
[ info ] [ LANG ] D:\phpstudy_pro\WWW\testfast\public/../application/admin/lang/zh-cn/ajax.php
[ info ] [ RUN ] app\admin\controller\Ajax->lang[ D:\phpstudy_pro\WWW\testfast\application\admin\controller\Ajax.php ]
[ info ] [ LANG ] D:\phpstudy_pro\WWW\testfast\public/../application/admin/lang/zh-cn/index.php
[ info ] [ BEHAVIOR ] Run app\admin\behavior\AdminLog @app_end [ RunTime:0.000132s ]
[ info ] [ LOG ] INIT File
---------------------------------------------------------------
[ 2020-12-04T15:49:34+08:00 ] 127.0.0.1 GET testfast.phpweb.com/ajax/lang?callback=define&controllername=dashboard&lang=zh-cn&v=1607068172&v=1607068172
[运行时间：0.048977s] [吞吐率：20.42req/s] [内存消耗：3,399.98kb] [文件加载：132]
[ info ] [ BEHAVIOR ] Run Closure @app_init [ RunTime:0.000017s ]
[ info ] [ CACHE ] INIT File
[ info ] [ BEHAVIOR ] Run Closure @app_init [ RunTime:0.001138s ]
[ info ] [ LANG ] D:\phpstudy_pro\WWW\testfast\thinkphp\lang\zh-cn.php
[ info ] [ BEHAVIOR ] Run app\common\behavior\Common @app_dispatch [ RunTime:0.000219s ]
[ info ] [ BIND ] 'admin'
[ info ] [ ROUTE ] array (
  'type' => 'module',
  'module' => 
  array (
    0 => 'admin',
    1 => 'ajax',
    2 => 'lang',
  ),
)
[ info ] [ HEADER ] array (
  'cookie' => '_ga=GA1.2.1453279067.1606274574; PHPSESSID=ovb3ko0vib2voma1bnnmj5udpl; think_var=zh-cn',
  'accept-language' => 'zh-CN,zh;q=0.9',
  'accept-encoding' => 'gzip, deflate',
  'accept' => '*/*',
  'user-agent' => 'Mozilla/5.0 (Windows NT 10.0; Win64; x64) AppleWebKit/537.36 (KHTML, like Gecko) Chrome/86.0.4240.111 Safari/537.36',
  'connection' => 'close',
  'host' => 'testfast.phpweb.com',
)
[ info ] [ PARAM ] array (
  'callback' => 'define',
  'controllername' => 'dashboard',
  'lang' => 'zh-cn',
  'v' => '1607068172',
)
[ info ] [ LANG ] D:\phpstudy_pro\WWW\testfast\public/../application/admin\lang\zh-cn.php
[ info ] [ BEHAVIOR ] Run app\common\behavior\Common @module_init [ RunTime:0.001428s ]
[ info ] [ SESSION ] INIT array (
  'id' => '',
  'var_session_id' => '',
  'prefix' => 'think',
  'type' => '',
  'auto_start' => true,
)
[ info ] [ LANG ] D:\phpstudy_pro\WWW\testfast\public/../application/admin/lang/zh-cn/ajax.php
[ info ] [ RUN ] app\admin\controller\Ajax->lang[ D:\phpstudy_pro\WWW\testfast\application\admin\controller\Ajax.php ]
[ info ] [ LANG ] D:\phpstudy_pro\WWW\testfast\public/../application/admin/lang/zh-cn/dashboard.php
[ info ] [ BEHAVIOR ] Run app\admin\behavior\AdminLog @app_end [ RunTime:0.000120s ]
[ info ] [ LOG ] INIT File
---------------------------------------------------------------
[ 2020-12-04T16:08:00+08:00 ] 127.0.0.1 GET testfast.phpweb.com/
[运行时间：0.090181s] [吞吐率：11.09req/s] [内存消耗：4,495.44kb] [文件加载：150]
[ info ] [ BEHAVIOR ] Run Closure @app_init [ RunTime:0.000023s ]
[ info ] [ CACHE ] INIT File
[ info ] [ BEHAVIOR ] Run Closure @app_init [ RunTime:0.001614s ]
[ info ] [ LANG ] D:\phpstudy_pro\WWW\testfast\thinkphp\lang\zh-cn.php
[ info ] [ BEHAVIOR ] Run app\common\behavior\Common @app_dispatch [ RunTime:0.000319s ]
[ info ] [ BIND ] 'admin'
[ info ] [ ROUTE ] array (
  'type' => 'module',
  'module' => 
  array (
    0 => 'admin',
    1 => NULL,
    2 => NULL,
  ),
)
[ info ] [ HEADER ] array (
  'cookie' => '_ga=GA1.2.1453279067.1606274574; PHPSESSID=ovb3ko0vib2voma1bnnmj5udpl; think_var=zh-cn',
  'accept-language' => 'zh-CN,zh;q=0.9',
  'accept-encoding' => 'gzip, deflate',
  'accept' => 'text/html,application/xhtml+xml,application/xml;q=0.9,image/avif,image/webp,image/apng,*/*;q=0.8,application/signed-exchange;v=b3;q=0.9',
  'user-agent' => 'Mozilla/5.0 (Windows NT 10.0; Win64; x64) AppleWebKit/537.36 (KHTML, like Gecko) Chrome/86.0.4240.111 Safari/537.36',
  'upgrade-insecure-requests' => '1',
  'connection' => 'close',
  'host' => 'testfast.phpweb.com',
)
[ info ] [ PARAM ] array (
)
[ info ] [ LANG ] D:\phpstudy_pro\WWW\testfast\public/../application/admin\lang\zh-cn.php
[ info ] [ BEHAVIOR ] Run app\common\behavior\Common @module_init [ RunTime:0.001935s ]
[ info ] [ SESSION ] INIT array (
  'id' => '',
  'var_session_id' => '',
  'prefix' => 'think',
  'type' => '',
  'auto_start' => true,
)
[ info ] [ LANG ] D:\phpstudy_pro\WWW\testfast\public/../application/admin/lang/zh-cn/index.php
[ info ] [ RUN ] app\admin\controller\Index->index[ D:\phpstudy_pro\WWW\testfast\application\admin\controller\Index.php ]
[ info ] [ DB ] INIT mysql
[ info ] [ VIEW ] D:\phpstudy_pro\WWW\testfast\public/../application/admin\view\index\index.html [ array (
  0 => 'breadcrumb',
  1 => 'site',
  2 => 'config',
  3 => 'auth',
  4 => 'admin',
  5 => 'menulist',
  6 => 'navlist',
  7 => 'fixedmenu',
  8 => 'referermenu',
  9 => 'title',
) ]
[ info ] [ BEHAVIOR ] Run app\admin\behavior\AdminLog @app_end [ RunTime:0.000230s ]
[ info ] [ LOG ] INIT File
---------------------------------------------------------------
[ 2020-12-04T16:08:00+08:00 ] 127.0.0.1 GET testfast.phpweb.com/dashboard?addtabs=1
[运行时间：0.048750s] [吞吐率：20.51req/s] [内存消耗：4,309.23kb] [文件加载：139]
[ info ] [ BEHAVIOR ] Run Closure @app_init [ RunTime:0.000013s ]
[ info ] [ CACHE ] INIT File
[ info ] [ BEHAVIOR ] Run Closure @app_init [ RunTime:0.000945s ]
[ info ] [ LANG ] D:\phpstudy_pro\WWW\testfast\thinkphp\lang\zh-cn.php
[ info ] [ BEHAVIOR ] Run app\common\behavior\Common @app_dispatch [ RunTime:0.000320s ]
[ info ] [ BIND ] 'admin'
[ info ] [ ROUTE ] array (
  'type' => 'module',
  'module' => 
  array (
    0 => 'admin',
    1 => 'dashboard',
    2 => NULL,
  ),
)
[ info ] [ HEADER ] array (
  'cookie' => '_ga=GA1.2.1453279067.1606274574; PHPSESSID=ovb3ko0vib2voma1bnnmj5udpl; think_var=zh-cn',
  'accept-language' => 'zh-CN,zh;q=0.9',
  'accept-encoding' => 'gzip, deflate',
  'accept' => 'text/html,application/xhtml+xml,application/xml;q=0.9,image/avif,image/webp,image/apng,*/*;q=0.8,application/signed-exchange;v=b3;q=0.9',
  'user-agent' => 'Mozilla/5.0 (Windows NT 10.0; Win64; x64) AppleWebKit/537.36 (KHTML, like Gecko) Chrome/86.0.4240.111 Safari/537.36',
  'upgrade-insecure-requests' => '1',
  'connection' => 'close',
  'host' => 'testfast.phpweb.com',
)
[ info ] [ PARAM ] array (
  'addtabs' => '1',
)
[ info ] [ LANG ] D:\phpstudy_pro\WWW\testfast\public/../application/admin\lang\zh-cn.php
[ info ] [ BEHAVIOR ] Run app\common\behavior\Common @module_init [ RunTime:0.001473s ]
[ info ] [ SESSION ] INIT array (
  'id' => '',
  'var_session_id' => '',
  'prefix' => 'think',
  'type' => '',
  'auto_start' => true,
)
[ info ] [ DB ] INIT mysql
[ info ] [ LANG ] D:\phpstudy_pro\WWW\testfast\public/../application/admin/lang/zh-cn/dashboard.php
[ info ] [ RUN ] app\admin\controller\Dashboard->index[ D:\phpstudy_pro\WWW\testfast\application\admin\controller\Dashboard.php ]
[ info ] [ VIEW ] D:\phpstudy_pro\WWW\testfast\public/../application/admin\view\dashboard\index.html [ array (
  0 => 'breadcrumb',
  1 => 'site',
  2 => 'config',
  3 => 'auth',
  4 => 'admin',
  5 => 'totaluser',
  6 => 'totalviews',
  7 => 'totalorder',
  8 => 'totalorderamount',
  9 => 'todayuserlogin',
  10 => 'todayusersignup',
  11 => 'todayorder',
  12 => 'unsettleorder',
  13 => 'sevendnu',
  14 => 'sevendau',
  15 => 'paylist',
  16 => 'createlist',
  17 => 'addonversion',
  18 => 'uploadmode',
) ]
[ info ] [ BEHAVIOR ] Run app\admin\behavior\AdminLog @app_end [ RunTime:0.000152s ]
[ info ] [ LOG ] INIT File
---------------------------------------------------------------
[ 2020-12-04T16:08:00+08:00 ] 127.0.0.1 GET testfast.phpweb.com/ajax/lang?callback=define&controllername=dashboard&lang=zh-cn&v=1607069280&v=1607069280
[运行时间：0.033572s] [吞吐率：29.79req/s] [内存消耗：3,399.98kb] [文件加载：132]
[ info ] [ BEHAVIOR ] Run Closure @app_init [ RunTime:0.000013s ]
[ info ] [ CACHE ] INIT File
[ info ] [ BEHAVIOR ] Run Closure @app_init [ RunTime:0.000984s ]
[ info ] [ LANG ] D:\phpstudy_pro\WWW\testfast\thinkphp\lang\zh-cn.php
[ info ] [ BEHAVIOR ] Run app\common\behavior\Common @app_dispatch [ RunTime:0.000217s ]
[ info ] [ BIND ] 'admin'
[ info ] [ ROUTE ] array (
  'type' => 'module',
  'module' => 
  array (
    0 => 'admin',
    1 => 'ajax',
    2 => 'lang',
  ),
)
[ info ] [ HEADER ] array (
  'cookie' => '_ga=GA1.2.1453279067.1606274574; PHPSESSID=ovb3ko0vib2voma1bnnmj5udpl; think_var=zh-cn',
  'accept-language' => 'zh-CN,zh;q=0.9',
  'accept-encoding' => 'gzip, deflate',
  'accept' => '*/*',
  'user-agent' => 'Mozilla/5.0 (Windows NT 10.0; Win64; x64) AppleWebKit/537.36 (KHTML, like Gecko) Chrome/86.0.4240.111 Safari/537.36',
  'connection' => 'close',
  'host' => 'testfast.phpweb.com',
)
[ info ] [ PARAM ] array (
  'callback' => 'define',
  'controllername' => 'dashboard',
  'lang' => 'zh-cn',
  'v' => '1607069280',
)
[ info ] [ LANG ] D:\phpstudy_pro\WWW\testfast\public/../application/admin\lang\zh-cn.php
[ info ] [ BEHAVIOR ] Run app\common\behavior\Common @module_init [ RunTime:0.001913s ]
[ info ] [ SESSION ] INIT array (
  'id' => '',
  'var_session_id' => '',
  'prefix' => 'think',
  'type' => '',
  'auto_start' => true,
)
[ info ] [ LANG ] D:\phpstudy_pro\WWW\testfast\public/../application/admin/lang/zh-cn/ajax.php
[ info ] [ RUN ] app\admin\controller\Ajax->lang[ D:\phpstudy_pro\WWW\testfast\application\admin\controller\Ajax.php ]
[ info ] [ LANG ] D:\phpstudy_pro\WWW\testfast\public/../application/admin/lang/zh-cn/dashboard.php
[ info ] [ BEHAVIOR ] Run app\admin\behavior\AdminLog @app_end [ RunTime:0.000119s ]
[ info ] [ LOG ] INIT File
---------------------------------------------------------------
[ 2020-12-04T16:08:01+08:00 ] 127.0.0.1 GET testfast.phpweb.com/ajax/lang?callback=define&controllername=index&lang=zh-cn&v=1607069280&v=1607069280
[运行时间：0.035507s] [吞吐率：28.16req/s] [内存消耗：3,401.85kb] [文件加载：132]
[ info ] [ BEHAVIOR ] Run Closure @app_init [ RunTime:0.000016s ]
[ info ] [ CACHE ] INIT File
[ info ] [ BEHAVIOR ] Run Closure @app_init [ RunTime:0.001120s ]
[ info ] [ LANG ] D:\phpstudy_pro\WWW\testfast\thinkphp\lang\zh-cn.php
[ info ] [ BEHAVIOR ] Run app\common\behavior\Common @app_dispatch [ RunTime:0.000352s ]
[ info ] [ BIND ] 'admin'
[ info ] [ ROUTE ] array (
  'type' => 'module',
  'module' => 
  array (
    0 => 'admin',
    1 => 'ajax',
    2 => 'lang',
  ),
)
[ info ] [ HEADER ] array (
  'cookie' => '_ga=GA1.2.1453279067.1606274574; PHPSESSID=ovb3ko0vib2voma1bnnmj5udpl; think_var=zh-cn',
  'accept-language' => 'zh-CN,zh;q=0.9',
  'accept-encoding' => 'gzip, deflate',
  'accept' => '*/*',
  'user-agent' => 'Mozilla/5.0 (Windows NT 10.0; Win64; x64) AppleWebKit/537.36 (KHTML, like Gecko) Chrome/86.0.4240.111 Safari/537.36',
  'connection' => 'close',
  'host' => 'testfast.phpweb.com',
)
[ info ] [ PARAM ] array (
  'callback' => 'define',
  'controllername' => 'index',
  'lang' => 'zh-cn',
  'v' => '1607069280',
)
[ info ] [ LANG ] D:\phpstudy_pro\WWW\testfast\public/../application/admin\lang\zh-cn.php
[ info ] [ BEHAVIOR ] Run app\common\behavior\Common @module_init [ RunTime:0.001516s ]
[ info ] [ SESSION ] INIT array (
  'id' => '',
  'var_session_id' => '',
  'prefix' => 'think',
  'type' => '',
  'auto_start' => true,
)
[ info ] [ LANG ] D:\phpstudy_pro\WWW\testfast\public/../application/admin/lang/zh-cn/ajax.php
[ info ] [ RUN ] app\admin\controller\Ajax->lang[ D:\phpstudy_pro\WWW\testfast\application\admin\controller\Ajax.php ]
[ info ] [ LANG ] D:\phpstudy_pro\WWW\testfast\public/../application/admin/lang/zh-cn/index.php
[ info ] [ BEHAVIOR ] Run app\admin\behavior\AdminLog @app_end [ RunTime:0.000127s ]
[ info ] [ LOG ] INIT File
---------------------------------------------------------------
[ 2020-12-04T16:08:04+08:00 ] 127.0.0.1 GET testfast.phpweb.com/index/logout
[运行时间：0.049529s] [吞吐率：20.19req/s] [内存消耗：4,143.79kb] [文件加载：139]
[ info ] [ BEHAVIOR ] Run Closure @app_init [ RunTime:0.000013s ]
[ info ] [ CACHE ] INIT File
[ info ] [ BEHAVIOR ] Run Closure @app_init [ RunTime:0.001006s ]
[ info ] [ LANG ] D:\phpstudy_pro\WWW\testfast\thinkphp\lang\zh-cn.php
[ info ] [ BEHAVIOR ] Run app\common\behavior\Common @app_dispatch [ RunTime:0.000223s ]
[ info ] [ BIND ] 'admin'
[ info ] [ ROUTE ] array (
  'type' => 'module',
  'module' => 
  array (
    0 => 'admin',
    1 => 'index',
    2 => 'logout',
  ),
)
[ info ] [ HEADER ] array (
  'cookie' => '_ga=GA1.2.1453279067.1606274574; PHPSESSID=ovb3ko0vib2voma1bnnmj5udpl; think_var=zh-cn',
  'accept-language' => 'zh-CN,zh;q=0.9',
  'accept-encoding' => 'gzip, deflate',
  'accept' => 'text/html,application/xhtml+xml,application/xml;q=0.9,image/avif,image/webp,image/apng,*/*;q=0.8,application/signed-exchange;v=b3;q=0.9',
  'user-agent' => 'Mozilla/5.0 (Windows NT 10.0; Win64; x64) AppleWebKit/537.36 (KHTML, like Gecko) Chrome/86.0.4240.111 Safari/537.36',
  'upgrade-insecure-requests' => '1',
  'connection' => 'close',
  'host' => 'testfast.phpweb.com',
)
[ info ] [ PARAM ] array (
)
[ info ] [ LANG ] D:\phpstudy_pro\WWW\testfast\public/../application/admin\lang\zh-cn.php
[ info ] [ BEHAVIOR ] Run app\common\behavior\Common @module_init [ RunTime:0.000928s ]
[ info ] [ SESSION ] INIT array (
  'id' => '',
  'var_session_id' => '',
  'prefix' => 'think',
  'type' => '',
  'auto_start' => true,
)
[ info ] [ LANG ] D:\phpstudy_pro\WWW\testfast\public/../application/admin/lang/zh-cn/index.php
[ info ] [ RUN ] app\admin\controller\Index->logout[ D:\phpstudy_pro\WWW\testfast\application\admin\controller\Index.php ]
[ info ] [ DB ] INIT mysql
[ info ] [ VIEW ] D:\phpstudy_pro\WWW\testfast\public/../application/common\view\tpl\dispatch_jump.tpl [ array (
  0 => 'breadcrumb',
  1 => 'site',
  2 => 'config',
  3 => 'auth',
  4 => 'admin',
  5 => 'code',
  6 => 'msg',
  7 => 'data',
  8 => 'url',
  9 => 'wait',
) ]
[ info ] [ BEHAVIOR ] Run app\admin\behavior\AdminLog @app_end [ RunTime:0.000135s ]
[ info ] [ LOG ] INIT File
---------------------------------------------------------------
[ 2020-12-04T16:08:05+08:00 ] 127.0.0.1 GET testfast.phpweb.com/index/login
[运行时间：0.032538s] [吞吐率：30.73req/s] [内存消耗：3,381.29kb] [文件加载：131]
[ info ] [ BEHAVIOR ] Run Closure @app_init [ RunTime:0.000020s ]
[ info ] [ CACHE ] INIT File
[ info ] [ BEHAVIOR ] Run Closure @app_init [ RunTime:0.001518s ]
[ info ] [ LANG ] D:\phpstudy_pro\WWW\testfast\thinkphp\lang\zh-cn.php
[ info ] [ BEHAVIOR ] Run app\common\behavior\Common @app_dispatch [ RunTime:0.000207s ]
[ info ] [ BIND ] 'admin'
[ info ] [ ROUTE ] array (
  'type' => 'module',
  'module' => 
  array (
    0 => 'admin',
    1 => 'index',
    2 => 'login',
  ),
)
[ info ] [ HEADER ] array (
  'cookie' => '_ga=GA1.2.1453279067.1606274574; PHPSESSID=ovb3ko0vib2voma1bnnmj5udpl; think_var=zh-cn',
  'accept-language' => 'zh-CN,zh;q=0.9',
  'accept-encoding' => 'gzip, deflate',
  'referer' => 'http://testfast.phpweb.com/index/logout',
  'accept' => 'text/html,application/xhtml+xml,application/xml;q=0.9,image/avif,image/webp,image/apng,*/*;q=0.8,application/signed-exchange;v=b3;q=0.9',
  'user-agent' => 'Mozilla/5.0 (Windows NT 10.0; Win64; x64) AppleWebKit/537.36 (KHTML, like Gecko) Chrome/86.0.4240.111 Safari/537.36',
  'upgrade-insecure-requests' => '1',
  'connection' => 'close',
  'host' => 'testfast.phpweb.com',
)
[ info ] [ PARAM ] array (
)
[ info ] [ LANG ] D:\phpstudy_pro\WWW\testfast\public/../application/admin\lang\zh-cn.php
[ info ] [ BEHAVIOR ] Run app\common\behavior\Common @module_init [ RunTime:0.000851s ]
[ info ] [ SESSION ] INIT array (
  'id' => '',
  'var_session_id' => '',
  'prefix' => 'think',
  'type' => '',
  'auto_start' => true,
)
[ info ] [ LANG ] D:\phpstudy_pro\WWW\testfast\public/../application/admin/lang/zh-cn/index.php
[ info ] [ RUN ] app\admin\controller\Index->login[ D:\phpstudy_pro\WWW\testfast\application\admin\controller\Index.php ]
[ info ] [ VIEW ] D:\phpstudy_pro\WWW\testfast\public/../application/admin\view\index\login.html [ array (
  0 => 'breadcrumb',
  1 => 'site',
  2 => 'config',
  3 => 'auth',
  4 => 'admin',
  5 => 'background',
  6 => 'title',
) ]
[ info ] [ BEHAVIOR ] Run app\admin\behavior\AdminLog @app_end [ RunTime:0.000117s ]
[ info ] [ LOG ] INIT File
---------------------------------------------------------------
[ 2020-12-04T16:08:05+08:00 ] 127.0.0.1 GET testfast.phpweb.com/ajax/lang?callback=define&controllername=index&lang=zh-cn&v=1607069285&v=1607069285
[运行时间：0.032499s] [吞吐率：30.77req/s] [内存消耗：3,399.36kb] [文件加载：132]
[ info ] [ BEHAVIOR ] Run Closure @app_init [ RunTime:0.000013s ]
[ info ] [ CACHE ] INIT File
[ info ] [ BEHAVIOR ] Run Closure @app_init [ RunTime:0.001739s ]
[ info ] [ LANG ] D:\phpstudy_pro\WWW\testfast\thinkphp\lang\zh-cn.php
[ info ] [ BEHAVIOR ] Run app\common\behavior\Common @app_dispatch [ RunTime:0.000195s ]
[ info ] [ BIND ] 'admin'
[ info ] [ ROUTE ] array (
  'type' => 'module',
  'module' => 
  array (
    0 => 'admin',
    1 => 'ajax',
    2 => 'lang',
  ),
)
[ info ] [ HEADER ] array (
  'cookie' => '_ga=GA1.2.1453279067.1606274574; PHPSESSID=ovb3ko0vib2voma1bnnmj5udpl; think_var=zh-cn',
  'accept-language' => 'zh-CN,zh;q=0.9',
  'accept-encoding' => 'gzip, deflate',
  'accept' => '*/*',
  'user-agent' => 'Mozilla/5.0 (Windows NT 10.0; Win64; x64) AppleWebKit/537.36 (KHTML, like Gecko) Chrome/86.0.4240.111 Safari/537.36',
  'connection' => 'close',
  'host' => 'testfast.phpweb.com',
)
[ info ] [ PARAM ] array (
  'callback' => 'define',
  'controllername' => 'index',
  'lang' => 'zh-cn',
  'v' => '1607069285',
)
[ info ] [ LANG ] D:\phpstudy_pro\WWW\testfast\public/../application/admin\lang\zh-cn.php
[ info ] [ BEHAVIOR ] Run app\common\behavior\Common @module_init [ RunTime:0.001107s ]
[ info ] [ SESSION ] INIT array (
  'id' => '',
  'var_session_id' => '',
  'prefix' => 'think',
  'type' => '',
  'auto_start' => true,
)
[ info ] [ LANG ] D:\phpstudy_pro\WWW\testfast\public/../application/admin/lang/zh-cn/ajax.php
[ info ] [ RUN ] app\admin\controller\Ajax->lang[ D:\phpstudy_pro\WWW\testfast\application\admin\controller\Ajax.php ]
[ info ] [ LANG ] D:\phpstudy_pro\WWW\testfast\public/../application/admin/lang/zh-cn/index.php
[ info ] [ BEHAVIOR ] Run app\admin\behavior\AdminLog @app_end [ RunTime:0.000116s ]
[ info ] [ LOG ] INIT File
---------------------------------------------------------------
[ 2020-12-04T16:09:01+08:00 ] 127.0.0.1 POST testfast.phpweb.com/index/login
[运行时间：0.055973s] [吞吐率：17.87req/s] [内存消耗：4,174.86kb] [文件加载：140]
[ info ] [ BEHAVIOR ] Run Closure @app_init [ RunTime:0.000022s ]
[ info ] [ CACHE ] INIT File
[ info ] [ BEHAVIOR ] Run Closure @app_init [ RunTime:0.001114s ]
[ info ] [ LANG ] D:\phpstudy_pro\WWW\testfast\thinkphp\lang\zh-cn.php
[ info ] [ BEHAVIOR ] Run app\common\behavior\Common @app_dispatch [ RunTime:0.000214s ]
[ info ] [ BIND ] 'admin'
[ info ] [ ROUTE ] array (
  'type' => 'module',
  'module' => 
  array (
    0 => 'admin',
    1 => 'index',
    2 => 'login',
  ),
)
[ info ] [ HEADER ] array (
  'cookie' => '_ga=GA1.2.1453279067.1606274574; PHPSESSID=ovb3ko0vib2voma1bnnmj5udpl; think_var=zh-cn',
  'accept-language' => 'zh-CN,zh;q=0.9',
  'accept-encoding' => 'gzip, deflate',
  'origin' => 'http://testfast.phpweb.com',
  'content-type' => 'application/x-www-form-urlencoded; charset=UTF-8',
  'user-agent' => 'Mozilla/5.0 (Windows NT 10.0; Win64; x64) AppleWebKit/537.36 (KHTML, like Gecko) Chrome/86.0.4240.111 Safari/537.36',
  'x-requested-with' => 'XMLHttpRequest',
  'accept' => 'application/json, text/javascript, */*; q=0.01',
  'content-length' => '75',
  'connection' => 'close',
  'host' => 'testfast.phpweb.com',
)
[ info ] [ PARAM ] array (
  '__token__' => '48299792c58e23cfdd78e230335596d1',
  'username' => 'admin',
  'password' => 'admin123',
)
[ info ] [ LANG ] D:\phpstudy_pro\WWW\testfast\public/../application/admin\lang\zh-cn.php
[ info ] [ BEHAVIOR ] Run app\common\behavior\Common @module_init [ RunTime:0.000987s ]
[ info ] [ SESSION ] INIT array (
  'id' => '',
  'var_session_id' => '',
  'prefix' => 'think',
  'type' => '',
  'auto_start' => true,
)
[ info ] [ LANG ] D:\phpstudy_pro\WWW\testfast\public/../application/admin/lang/zh-cn/index.php
[ info ] [ RUN ] app\admin\controller\Index->login[ D:\phpstudy_pro\WWW\testfast\application\admin\controller\Index.php ]
[ info ] [ DB ] INIT mysql
[ info ] [ BEHAVIOR ] Run app\admin\behavior\AdminLog @app_end [ RunTime:0.006366s ]
[ info ] [ LOG ] INIT File
---------------------------------------------------------------
[ 2020-12-04T16:09:01+08:00 ] 127.0.0.1 GET testfast.phpweb.com/index/index
[运行时间：0.092694s] [吞吐率：10.79req/s] [内存消耗：4,498.41kb] [文件加载：150]
[ info ] [ BEHAVIOR ] Run Closure @app_init [ RunTime:0.000013s ]
[ info ] [ CACHE ] INIT File
[ info ] [ BEHAVIOR ] Run Closure @app_init [ RunTime:0.001612s ]
[ info ] [ LANG ] D:\phpstudy_pro\WWW\testfast\thinkphp\lang\zh-cn.php
[ info ] [ BEHAVIOR ] Run app\common\behavior\Common @app_dispatch [ RunTime:0.000475s ]
[ info ] [ BIND ] 'admin'
[ info ] [ ROUTE ] array (
  'type' => 'module',
  'module' => 
  array (
    0 => 'admin',
    1 => 'index',
    2 => 'index',
  ),
)
[ info ] [ HEADER ] array (
  'cookie' => '_ga=GA1.2.1453279067.1606274574; PHPSESSID=ovb3ko0vib2voma1bnnmj5udpl; think_var=zh-cn',
  'accept-language' => 'zh-CN,zh;q=0.9',
  'accept-encoding' => 'gzip, deflate',
  'accept' => 'text/html,application/xhtml+xml,application/xml;q=0.9,image/avif,image/webp,image/apng,*/*;q=0.8,application/signed-exchange;v=b3;q=0.9',
  'user-agent' => 'Mozilla/5.0 (Windows NT 10.0; Win64; x64) AppleWebKit/537.36 (KHTML, like Gecko) Chrome/86.0.4240.111 Safari/537.36',
  'upgrade-insecure-requests' => '1',
  'connection' => 'close',
  'host' => 'testfast.phpweb.com',
)
[ info ] [ PARAM ] array (
)
[ info ] [ LANG ] D:\phpstudy_pro\WWW\testfast\public/../application/admin\lang\zh-cn.php
[ info ] [ BEHAVIOR ] Run app\common\behavior\Common @module_init [ RunTime:0.000979s ]
[ info ] [ SESSION ] INIT array (
  'id' => '',
  'var_session_id' => '',
  'prefix' => 'think',
  'type' => '',
  'auto_start' => true,
)
[ info ] [ LANG ] D:\phpstudy_pro\WWW\testfast\public/../application/admin/lang/zh-cn/index.php
[ info ] [ RUN ] app\admin\controller\Index->index[ D:\phpstudy_pro\WWW\testfast\application\admin\controller\Index.php ]
[ info ] [ DB ] INIT mysql
[ info ] [ VIEW ] D:\phpstudy_pro\WWW\testfast\public/../application/admin\view\index\index.html [ array (
  0 => 'breadcrumb',
  1 => 'site',
  2 => 'config',
  3 => 'auth',
  4 => 'admin',
  5 => 'menulist',
  6 => 'navlist',
  7 => 'fixedmenu',
  8 => 'referermenu',
  9 => 'title',
) ]
[ info ] [ BEHAVIOR ] Run app\admin\behavior\AdminLog @app_end [ RunTime:0.000119s ]
[ info ] [ LOG ] INIT File
---------------------------------------------------------------
[ 2020-12-04T16:09:01+08:00 ] 127.0.0.1 GET testfast.phpweb.com/dashboard?addtabs=1
[运行时间：0.060885s] [吞吐率：16.42req/s] [内存消耗：4,309.23kb] [文件加载：139]
[ info ] [ BEHAVIOR ] Run Closure @app_init [ RunTime:0.000071s ]
[ info ] [ CACHE ] INIT File
[ info ] [ BEHAVIOR ] Run Closure @app_init [ RunTime:0.001032s ]
[ info ] [ LANG ] D:\phpstudy_pro\WWW\testfast\thinkphp\lang\zh-cn.php
[ info ] [ BEHAVIOR ] Run app\common\behavior\Common @app_dispatch [ RunTime:0.000223s ]
[ info ] [ BIND ] 'admin'
[ info ] [ ROUTE ] array (
  'type' => 'module',
  'module' => 
  array (
    0 => 'admin',
    1 => 'dashboard',
    2 => NULL,
  ),
)
[ info ] [ HEADER ] array (
  'cookie' => '_ga=GA1.2.1453279067.1606274574; PHPSESSID=ovb3ko0vib2voma1bnnmj5udpl; think_var=zh-cn',
  'accept-language' => 'zh-CN,zh;q=0.9',
  'accept-encoding' => 'gzip, deflate',
  'accept' => 'text/html,application/xhtml+xml,application/xml;q=0.9,image/avif,image/webp,image/apng,*/*;q=0.8,application/signed-exchange;v=b3;q=0.9',
  'user-agent' => 'Mozilla/5.0 (Windows NT 10.0; Win64; x64) AppleWebKit/537.36 (KHTML, like Gecko) Chrome/86.0.4240.111 Safari/537.36',
  'upgrade-insecure-requests' => '1',
  'connection' => 'close',
  'host' => 'testfast.phpweb.com',
)
[ info ] [ PARAM ] array (
  'addtabs' => '1',
)
[ info ] [ LANG ] D:\phpstudy_pro\WWW\testfast\public/../application/admin\lang\zh-cn.php
[ info ] [ BEHAVIOR ] Run app\common\behavior\Common @module_init [ RunTime:0.002020s ]
[ info ] [ SESSION ] INIT array (
  'id' => '',
  'var_session_id' => '',
  'prefix' => 'think',
  'type' => '',
  'auto_start' => true,
)
[ info ] [ DB ] INIT mysql
[ info ] [ LANG ] D:\phpstudy_pro\WWW\testfast\public/../application/admin/lang/zh-cn/dashboard.php
[ info ] [ RUN ] app\admin\controller\Dashboard->index[ D:\phpstudy_pro\WWW\testfast\application\admin\controller\Dashboard.php ]
[ info ] [ VIEW ] D:\phpstudy_pro\WWW\testfast\public/../application/admin\view\dashboard\index.html [ array (
  0 => 'breadcrumb',
  1 => 'site',
  2 => 'config',
  3 => 'auth',
  4 => 'admin',
  5 => 'totaluser',
  6 => 'totalviews',
  7 => 'totalorder',
  8 => 'totalorderamount',
  9 => 'todayuserlogin',
  10 => 'todayusersignup',
  11 => 'todayorder',
  12 => 'unsettleorder',
  13 => 'sevendnu',
  14 => 'sevendau',
  15 => 'paylist',
  16 => 'createlist',
  17 => 'addonversion',
  18 => 'uploadmode',
) ]
[ info ] [ BEHAVIOR ] Run app\admin\behavior\AdminLog @app_end [ RunTime:0.000238s ]
[ info ] [ LOG ] INIT File
---------------------------------------------------------------
[ 2020-12-04T16:09:01+08:00 ] 127.0.0.1 GET testfast.phpweb.com/ajax/lang?callback=define&controllername=index&lang=zh-cn&v=1607069341&v=1607069341
[运行时间：0.038613s] [吞吐率：25.90req/s] [内存消耗：3,401.85kb] [文件加载：132]
[ info ] [ BEHAVIOR ] Run Closure @app_init [ RunTime:0.000015s ]
[ info ] [ CACHE ] INIT File
[ info ] [ BEHAVIOR ] Run Closure @app_init [ RunTime:0.001031s ]
[ info ] [ LANG ] D:\phpstudy_pro\WWW\testfast\thinkphp\lang\zh-cn.php
[ info ] [ BEHAVIOR ] Run app\common\behavior\Common @app_dispatch [ RunTime:0.000313s ]
[ info ] [ BIND ] 'admin'
[ info ] [ ROUTE ] array (
  'type' => 'module',
  'module' => 
  array (
    0 => 'admin',
    1 => 'ajax',
    2 => 'lang',
  ),
)
[ info ] [ HEADER ] array (
  'cookie' => '_ga=GA1.2.1453279067.1606274574; PHPSESSID=ovb3ko0vib2voma1bnnmj5udpl; think_var=zh-cn',
  'accept-language' => 'zh-CN,zh;q=0.9',
  'accept-encoding' => 'gzip, deflate',
  'accept' => '*/*',
  'user-agent' => 'Mozilla/5.0 (Windows NT 10.0; Win64; x64) AppleWebKit/537.36 (KHTML, like Gecko) Chrome/86.0.4240.111 Safari/537.36',
  'connection' => 'close',
  'host' => 'testfast.phpweb.com',
)
[ info ] [ PARAM ] array (
  'callback' => 'define',
  'controllername' => 'index',
  'lang' => 'zh-cn',
  'v' => '1607069341',
)
[ info ] [ LANG ] D:\phpstudy_pro\WWW\testfast\public/../application/admin\lang\zh-cn.php
[ info ] [ BEHAVIOR ] Run app\common\behavior\Common @module_init [ RunTime:0.001702s ]
[ info ] [ SESSION ] INIT array (
  'id' => '',
  'var_session_id' => '',
  'prefix' => 'think',
  'type' => '',
  'auto_start' => true,
)
[ info ] [ LANG ] D:\phpstudy_pro\WWW\testfast\public/../application/admin/lang/zh-cn/ajax.php
[ info ] [ RUN ] app\admin\controller\Ajax->lang[ D:\phpstudy_pro\WWW\testfast\application\admin\controller\Ajax.php ]
[ info ] [ LANG ] D:\phpstudy_pro\WWW\testfast\public/../application/admin/lang/zh-cn/index.php
[ info ] [ BEHAVIOR ] Run app\admin\behavior\AdminLog @app_end [ RunTime:0.000118s ]
[ info ] [ LOG ] INIT File
---------------------------------------------------------------
[ 2020-12-04T16:09:02+08:00 ] 127.0.0.1 GET testfast.phpweb.com/ajax/lang?callback=define&controllername=dashboard&lang=zh-cn&v=1607069341&v=1607069341
[运行时间：0.040411s] [吞吐率：24.75req/s] [内存消耗：3,399.98kb] [文件加载：132]
[ info ] [ BEHAVIOR ] Run Closure @app_init [ RunTime:0.000019s ]
[ info ] [ CACHE ] INIT File
[ info ] [ BEHAVIOR ] Run Closure @app_init [ RunTime:0.001291s ]
[ info ] [ LANG ] D:\phpstudy_pro\WWW\testfast\thinkphp\lang\zh-cn.php
[ info ] [ BEHAVIOR ] Run app\common\behavior\Common @app_dispatch [ RunTime:0.000189s ]
[ info ] [ BIND ] 'admin'
[ info ] [ ROUTE ] array (
  'type' => 'module',
  'module' => 
  array (
    0 => 'admin',
    1 => 'ajax',
    2 => 'lang',
  ),
)
[ info ] [ HEADER ] array (
  'cookie' => '_ga=GA1.2.1453279067.1606274574; PHPSESSID=ovb3ko0vib2voma1bnnmj5udpl; think_var=zh-cn',
  'accept-language' => 'zh-CN,zh;q=0.9',
  'accept-encoding' => 'gzip, deflate',
  'accept' => '*/*',
  'user-agent' => 'Mozilla/5.0 (Windows NT 10.0; Win64; x64) AppleWebKit/537.36 (KHTML, like Gecko) Chrome/86.0.4240.111 Safari/537.36',
  'connection' => 'close',
  'host' => 'testfast.phpweb.com',
)
[ info ] [ PARAM ] array (
  'callback' => 'define',
  'controllername' => 'dashboard',
  'lang' => 'zh-cn',
  'v' => '1607069341',
)
[ info ] [ LANG ] D:\phpstudy_pro\WWW\testfast\public/../application/admin\lang\zh-cn.php
[ info ] [ BEHAVIOR ] Run app\common\behavior\Common @module_init [ RunTime:0.001115s ]
[ info ] [ SESSION ] INIT array (
  'id' => '',
  'var_session_id' => '',
  'prefix' => 'think',
  'type' => '',
  'auto_start' => true,
)
[ info ] [ LANG ] D:\phpstudy_pro\WWW\testfast\public/../application/admin/lang/zh-cn/ajax.php
[ info ] [ RUN ] app\admin\controller\Ajax->lang[ D:\phpstudy_pro\WWW\testfast\application\admin\controller\Ajax.php ]
[ info ] [ LANG ] D:\phpstudy_pro\WWW\testfast\public/../application/admin/lang/zh-cn/dashboard.php
[ info ] [ BEHAVIOR ] Run app\admin\behavior\AdminLog @app_end [ RunTime:0.000115s ]
[ info ] [ LOG ] INIT File
---------------------------------------------------------------
[ 2020-12-04T16:09:08+08:00 ] 127.0.0.1 GET testfast.phpweb.com/auth/rule?addtabs=1
[运行时间：0.047000s] [吞吐率：21.28req/s] [内存消耗：4,489.97kb] [文件加载：141]
[ info ] [ BEHAVIOR ] Run Closure @app_init [ RunTime:0.000012s ]
[ info ] [ CACHE ] INIT File
[ info ] [ BEHAVIOR ] Run Closure @app_init [ RunTime:0.001074s ]
[ info ] [ LANG ] D:\phpstudy_pro\WWW\testfast\thinkphp\lang\zh-cn.php
[ info ] [ BEHAVIOR ] Run app\common\behavior\Common @app_dispatch [ RunTime:0.000304s ]
[ info ] [ BIND ] 'admin'
[ info ] [ ROUTE ] array (
  'type' => 'module',
  'module' => 
  array (
    0 => 'admin',
    1 => 'auth.rule',
    2 => NULL,
  ),
)
[ info ] [ HEADER ] array (
  'cookie' => '_ga=GA1.2.1453279067.1606274574; PHPSESSID=ovb3ko0vib2voma1bnnmj5udpl; think_var=zh-cn',
  'accept-language' => 'zh-CN,zh;q=0.9',
  'accept-encoding' => 'gzip, deflate',
  'accept' => 'text/html,application/xhtml+xml,application/xml;q=0.9,image/avif,image/webp,image/apng,*/*;q=0.8,application/signed-exchange;v=b3;q=0.9',
  'user-agent' => 'Mozilla/5.0 (Windows NT 10.0; Win64; x64) AppleWebKit/537.36 (KHTML, like Gecko) Chrome/86.0.4240.111 Safari/537.36',
  'upgrade-insecure-requests' => '1',
  'connection' => 'close',
  'host' => 'testfast.phpweb.com',
)
[ info ] [ PARAM ] array (
  'addtabs' => '1',
)
[ info ] [ LANG ] D:\phpstudy_pro\WWW\testfast\public/../application/admin\lang\zh-cn.php
[ info ] [ BEHAVIOR ] Run app\common\behavior\Common @module_init [ RunTime:0.000849s ]
[ info ] [ SESSION ] INIT array (
  'id' => '',
  'var_session_id' => '',
  'prefix' => 'think',
  'type' => '',
  'auto_start' => true,
)
[ info ] [ DB ] INIT mysql
[ info ] [ LANG ] D:\phpstudy_pro\WWW\testfast\public/../application/admin/lang/zh-cn/auth/rule.php
[ info ] [ RUN ] app\admin\controller\auth\Rule->index[ D:\phpstudy_pro\WWW\testfast\application\admin\controller\auth\Rule.php ]
[ info ] [ VIEW ] D:\phpstudy_pro\WWW\testfast\public/../application/admin\view\auth\rule\index.html [ array (
  0 => 'breadcrumb',
  1 => 'site',
  2 => 'config',
  3 => 'auth',
  4 => 'admin',
  5 => 'ruledata',
) ]
[ info ] [ BEHAVIOR ] Run app\admin\behavior\AdminLog @app_end [ RunTime:0.000118s ]
[ info ] [ LOG ] INIT File
---------------------------------------------------------------
[ 2020-12-04T16:09:08+08:00 ] 127.0.0.1 GET testfast.phpweb.com/ajax/lang?callback=define&controllername=auth.rule&lang=zh-cn&v=1607069348&v=1607069348
[运行时间：0.029119s] [吞吐率：34.34req/s] [内存消耗：3,398.16kb] [文件加载：132]
[ info ] [ BEHAVIOR ] Run Closure @app_init [ RunTime:0.000043s ]
[ info ] [ CACHE ] INIT File
[ info ] [ BEHAVIOR ] Run Closure @app_init [ RunTime:0.001056s ]
[ info ] [ LANG ] D:\phpstudy_pro\WWW\testfast\thinkphp\lang\zh-cn.php
[ info ] [ BEHAVIOR ] Run app\common\behavior\Common @app_dispatch [ RunTime:0.000186s ]
[ info ] [ BIND ] 'admin'
[ info ] [ ROUTE ] array (
  'type' => 'module',
  'module' => 
  array (
    0 => 'admin',
    1 => 'ajax',
    2 => 'lang',
  ),
)
[ info ] [ HEADER ] array (
  'cookie' => '_ga=GA1.2.1453279067.1606274574; PHPSESSID=ovb3ko0vib2voma1bnnmj5udpl; think_var=zh-cn',
  'accept-language' => 'zh-CN,zh;q=0.9',
  'accept-encoding' => 'gzip, deflate',
  'accept' => '*/*',
  'user-agent' => 'Mozilla/5.0 (Windows NT 10.0; Win64; x64) AppleWebKit/537.36 (KHTML, like Gecko) Chrome/86.0.4240.111 Safari/537.36',
  'connection' => 'close',
  'host' => 'testfast.phpweb.com',
)
[ info ] [ PARAM ] array (
  'callback' => 'define',
  'controllername' => 'auth.rule',
  'lang' => 'zh-cn',
  'v' => '1607069348',
)
[ info ] [ LANG ] D:\phpstudy_pro\WWW\testfast\public/../application/admin\lang\zh-cn.php
[ info ] [ BEHAVIOR ] Run app\common\behavior\Common @module_init [ RunTime:0.001087s ]
[ info ] [ SESSION ] INIT array (
  'id' => '',
  'var_session_id' => '',
  'prefix' => 'think',
  'type' => '',
  'auto_start' => true,
)
[ info ] [ LANG ] D:\phpstudy_pro\WWW\testfast\public/../application/admin/lang/zh-cn/ajax.php
[ info ] [ RUN ] app\admin\controller\Ajax->lang[ D:\phpstudy_pro\WWW\testfast\application\admin\controller\Ajax.php ]
[ info ] [ LANG ] D:\phpstudy_pro\WWW\testfast\public/../application/admin/lang/zh-cn/auth/rule.php
[ info ] [ BEHAVIOR ] Run app\admin\behavior\AdminLog @app_end [ RunTime:0.000113s ]
[ info ] [ LOG ] INIT File
---------------------------------------------------------------
[ 2020-12-04T16:09:08+08:00 ] 127.0.0.1 GET testfast.phpweb.com/auth/rule/index?sort=&order=desc&_=1607069348163
[运行时间：0.048510s] [吞吐率：20.61req/s] [内存消耗：4,525.48kb] [文件加载：141]
[ info ] [ BEHAVIOR ] Run Closure @app_init [ RunTime:0.000017s ]
[ info ] [ CACHE ] INIT File
[ info ] [ BEHAVIOR ] Run Closure @app_init [ RunTime:0.002007s ]
[ info ] [ LANG ] D:\phpstudy_pro\WWW\testfast\thinkphp\lang\zh-cn.php
[ info ] [ BEHAVIOR ] Run app\common\behavior\Common @app_dispatch [ RunTime:0.000277s ]
[ info ] [ BIND ] 'admin'
[ info ] [ ROUTE ] array (
  'type' => 'module',
  'module' => 
  array (
    0 => 'admin',
    1 => 'auth.rule',
    2 => 'index',
  ),
)
[ info ] [ HEADER ] array (
  'cookie' => '_ga=GA1.2.1453279067.1606274574; PHPSESSID=ovb3ko0vib2voma1bnnmj5udpl; think_var=zh-cn',
  'accept-language' => 'zh-CN,zh;q=0.9',
  'accept-encoding' => 'gzip, deflate',
  'content-type' => 'application/json',
  'user-agent' => 'Mozilla/5.0 (Windows NT 10.0; Win64; x64) AppleWebKit/537.36 (KHTML, like Gecko) Chrome/86.0.4240.111 Safari/537.36',
  'x-requested-with' => 'XMLHttpRequest',
  'accept' => 'application/json, text/javascript, */*; q=0.01',
  'connection' => 'close',
  'host' => 'testfast.phpweb.com',
)
[ info ] [ PARAM ] array (
  'sort' => '',
  'order' => 'desc',
  '_' => '1607069348163',
)
[ info ] [ LANG ] D:\phpstudy_pro\WWW\testfast\public/../application/admin\lang\zh-cn.php
[ info ] [ BEHAVIOR ] Run app\common\behavior\Common @module_init [ RunTime:0.000866s ]
[ info ] [ SESSION ] INIT array (
  'id' => '',
  'var_session_id' => '',
  'prefix' => 'think',
  'type' => '',
  'auto_start' => true,
)
[ info ] [ DB ] INIT mysql
[ info ] [ LANG ] D:\phpstudy_pro\WWW\testfast\public/../application/admin/lang/zh-cn/auth/rule.php
[ info ] [ RUN ] app\admin\controller\auth\Rule->index[ D:\phpstudy_pro\WWW\testfast\application\admin\controller\auth\Rule.php ]
[ info ] [ BEHAVIOR ] Run app\admin\behavior\AdminLog @app_end [ RunTime:0.000117s ]
[ info ] [ LOG ] INIT File
---------------------------------------------------------------
[ 2020-12-04T16:09:16+08:00 ] 127.0.0.1 POST testfast.phpweb.com/auth/rule/multi
[运行时间：0.064523s] [吞吐率：15.50req/s] [内存消耗：4,491.11kb] [文件加载：143]
[ info ] [ BEHAVIOR ] Run Closure @app_init [ RunTime:0.000028s ]
[ info ] [ CACHE ] INIT File
[ info ] [ BEHAVIOR ] Run Closure @app_init [ RunTime:0.001213s ]
[ info ] [ LANG ] D:\phpstudy_pro\WWW\testfast\thinkphp\lang\zh-cn.php
[ info ] [ BEHAVIOR ] Run app\common\behavior\Common @app_dispatch [ RunTime:0.000201s ]
[ info ] [ BIND ] 'admin'
[ info ] [ ROUTE ] array (
  'type' => 'module',
  'module' => 
  array (
    0 => 'admin',
    1 => 'auth.rule',
    2 => 'multi',
  ),
)
[ info ] [ HEADER ] array (
  'cookie' => '_ga=GA1.2.1453279067.1606274574; PHPSESSID=ovb3ko0vib2voma1bnnmj5udpl; think_var=zh-cn',
  'accept-language' => 'zh-CN,zh;q=0.9',
  'accept-encoding' => 'gzip, deflate',
  'origin' => 'http://testfast.phpweb.com',
  'content-type' => 'application/x-www-form-urlencoded; charset=UTF-8',
  'user-agent' => 'Mozilla/5.0 (Windows NT 10.0; Win64; x64) AppleWebKit/537.36 (KHTML, like Gecko) Chrome/86.0.4240.111 Safari/537.36',
  'x-requested-with' => 'XMLHttpRequest',
  'accept' => 'application/json, text/javascript, */*; q=0.01',
  'content-length' => '31',
  'connection' => 'close',
  'host' => 'testfast.phpweb.com',
)
[ info ] [ PARAM ] array (
  'action' => '',
  'ids' => '4',
  'params' => 'ismenu=1',
)
[ info ] [ LANG ] D:\phpstudy_pro\WWW\testfast\public/../application/admin\lang\zh-cn.php
[ info ] [ BEHAVIOR ] Run app\common\behavior\Common @module_init [ RunTime:0.001202s ]
[ info ] [ SESSION ] INIT array (
  'id' => '',
  'var_session_id' => '',
  'prefix' => 'think',
  'type' => '',
  'auto_start' => true,
)
[ info ] [ DB ] INIT mysql
[ info ] [ LANG ] D:\phpstudy_pro\WWW\testfast\public/../application/admin/lang/zh-cn/auth/rule.php
[ info ] [ RUN ] app\common\controller\Backend->multi[ D:\phpstudy_pro\WWW\testfast\application\admin\library\traits\Backend.php ]
[ info ] [ BEHAVIOR ] Run app\admin\behavior\AdminLog @app_end [ RunTime:0.006350s ]
[ info ] [ LOG ] INIT File
---------------------------------------------------------------
[ 2020-12-04T16:09:16+08:00 ] 127.0.0.1 POST testfast.phpweb.com/index/index
[运行时间：0.099208s] [吞吐率：10.08req/s] [内存消耗：4,481.03kb] [文件加载：152]
[ info ] [ BEHAVIOR ] Run Closure @app_init [ RunTime:0.000022s ]
[ info ] [ CACHE ] INIT File
[ info ] [ BEHAVIOR ] Run Closure @app_init [ RunTime:0.002545s ]
[ info ] [ LANG ] D:\phpstudy_pro\WWW\testfast\thinkphp\lang\zh-cn.php
[ info ] [ BEHAVIOR ] Run app\common\behavior\Common @app_dispatch [ RunTime:0.000400s ]
[ info ] [ BIND ] 'admin'
[ info ] [ ROUTE ] array (
  'type' => 'module',
  'module' => 
  array (
    0 => 'admin',
    1 => 'index',
    2 => 'index',
  ),
)
[ info ] [ HEADER ] array (
  'cookie' => '_ga=GA1.2.1453279067.1606274574; PHPSESSID=ovb3ko0vib2voma1bnnmj5udpl; think_var=zh-cn',
  'accept-language' => 'zh-CN,zh;q=0.9',
  'accept-encoding' => 'gzip, deflate',
  'origin' => 'http://testfast.phpweb.com',
  'content-type' => 'application/x-www-form-urlencoded; charset=UTF-8',
  'user-agent' => 'Mozilla/5.0 (Windows NT 10.0; Win64; x64) AppleWebKit/537.36 (KHTML, like Gecko) Chrome/86.0.4240.111 Safari/537.36',
  'x-requested-with' => 'XMLHttpRequest',
  'accept' => 'application/json, text/javascript, */*; q=0.01',
  'content-length' => '18',
  'connection' => 'close',
  'host' => 'testfast.phpweb.com',
)
[ info ] [ PARAM ] array (
  'action' => 'refreshmenu',
)
[ info ] [ LANG ] D:\phpstudy_pro\WWW\testfast\public/../application/admin\lang\zh-cn.php
[ info ] [ BEHAVIOR ] Run app\common\behavior\Common @module_init [ RunTime:0.001575s ]
[ info ] [ SESSION ] INIT array (
  'id' => '',
  'var_session_id' => '',
  'prefix' => 'think',
  'type' => '',
  'auto_start' => true,
)
[ info ] [ LANG ] D:\phpstudy_pro\WWW\testfast\public/../application/admin/lang/zh-cn/index.php
[ info ] [ RUN ] app\admin\controller\Index->index[ D:\phpstudy_pro\WWW\testfast\application\admin\controller\Index.php ]
[ info ] [ DB ] INIT mysql
[ info ] [ BEHAVIOR ] Run app\admin\behavior\AdminLog @app_end [ RunTime:0.000340s ]
[ info ] [ LOG ] INIT File
---------------------------------------------------------------
[ 2020-12-04T16:09:20+08:00 ] 127.0.0.1 GET testfast.phpweb.com/addon?addtabs=1
[运行时间：0.052105s] [吞吐率：19.19req/s] [内存消耗：4,466.73kb] [文件加载：139]
[ info ] [ BEHAVIOR ] Run Closure @app_init [ RunTime:0.000015s ]
[ info ] [ CACHE ] INIT File
[ info ] [ BEHAVIOR ] Run Closure @app_init [ RunTime:0.001096s ]
[ info ] [ LANG ] D:\phpstudy_pro\WWW\testfast\thinkphp\lang\zh-cn.php
[ info ] [ BEHAVIOR ] Run app\common\behavior\Common @app_dispatch [ RunTime:0.000186s ]
[ info ] [ BIND ] 'admin'
[ info ] [ ROUTE ] array (
  'type' => 'module',
  'module' => 
  array (
    0 => 'admin',
    1 => 'addon',
    2 => NULL,
  ),
)
[ info ] [ HEADER ] array (
  'cookie' => '_ga=GA1.2.1453279067.1606274574; PHPSESSID=ovb3ko0vib2voma1bnnmj5udpl; think_var=zh-cn',
  'accept-language' => 'zh-CN,zh;q=0.9',
  'accept-encoding' => 'gzip, deflate',
  'accept' => 'text/html,application/xhtml+xml,application/xml;q=0.9,image/avif,image/webp,image/apng,*/*;q=0.8,application/signed-exchange;v=b3;q=0.9',
  'user-agent' => 'Mozilla/5.0 (Windows NT 10.0; Win64; x64) AppleWebKit/537.36 (KHTML, like Gecko) Chrome/86.0.4240.111 Safari/537.36',
  'upgrade-insecure-requests' => '1',
  'connection' => 'close',
  'host' => 'testfast.phpweb.com',
)
[ info ] [ PARAM ] array (
  'addtabs' => '1',
)
[ info ] [ LANG ] D:\phpstudy_pro\WWW\testfast\public/../application/admin\lang\zh-cn.php
[ info ] [ BEHAVIOR ] Run app\common\behavior\Common @module_init [ RunTime:0.000825s ]
[ info ] [ SESSION ] INIT array (
  'id' => '',
  'var_session_id' => '',
  'prefix' => 'think',
  'type' => '',
  'auto_start' => true,
)
[ info ] [ DB ] INIT mysql
[ info ] [ LANG ] D:\phpstudy_pro\WWW\testfast\public/../application/admin/lang/zh-cn/addon.php
[ info ] [ RUN ] app\admin\controller\Addon->index[ D:\phpstudy_pro\WWW\testfast\application\admin\controller\Addon.php ]
[ info ] [ VIEW ] D:\phpstudy_pro\WWW\testfast\public/../application/admin\view\addon\index.html [ array (
  0 => 'breadcrumb',
  1 => 'site',
  2 => 'config',
  3 => 'auth',
  4 => 'admin',
) ]
[ info ] [ BEHAVIOR ] Run app\admin\behavior\AdminLog @app_end [ RunTime:0.000156s ]
[ info ] [ LOG ] INIT File
---------------------------------------------------------------
[ 2020-12-04T16:09:21+08:00 ] 127.0.0.1 GET testfast.phpweb.com/ajax/lang?callback=define&controllername=addon&lang=zh-cn&v=1607069360&v=1607069360
[运行时间：0.033165s] [吞吐率：30.15req/s] [内存消耗：3,421.51kb] [文件加载：132]
[ info ] [ BEHAVIOR ] Run Closure @app_init [ RunTime:0.000096s ]
[ info ] [ CACHE ] INIT File
[ info ] [ BEHAVIOR ] Run Closure @app_init [ RunTime:0.001434s ]
[ info ] [ LANG ] D:\phpstudy_pro\WWW\testfast\thinkphp\lang\zh-cn.php
[ info ] [ BEHAVIOR ] Run app\common\behavior\Common @app_dispatch [ RunTime:0.000206s ]
[ info ] [ BIND ] 'admin'
[ info ] [ ROUTE ] array (
  'type' => 'module',
  'module' => 
  array (
    0 => 'admin',
    1 => 'ajax',
    2 => 'lang',
  ),
)
[ info ] [ HEADER ] array (
  'cookie' => '_ga=GA1.2.1453279067.1606274574; PHPSESSID=ovb3ko0vib2voma1bnnmj5udpl; think_var=zh-cn',
  'accept-language' => 'zh-CN,zh;q=0.9',
  'accept-encoding' => 'gzip, deflate',
  'accept' => '*/*',
  'user-agent' => 'Mozilla/5.0 (Windows NT 10.0; Win64; x64) AppleWebKit/537.36 (KHTML, like Gecko) Chrome/86.0.4240.111 Safari/537.36',
  'connection' => 'close',
  'host' => 'testfast.phpweb.com',
)
[ info ] [ PARAM ] array (
  'callback' => 'define',
  'controllername' => 'addon',
  'lang' => 'zh-cn',
  'v' => '1607069360',
)
[ info ] [ LANG ] D:\phpstudy_pro\WWW\testfast\public/../application/admin\lang\zh-cn.php
[ info ] [ BEHAVIOR ] Run app\common\behavior\Common @module_init [ RunTime:0.001299s ]
[ info ] [ SESSION ] INIT array (
  'id' => '',
  'var_session_id' => '',
  'prefix' => 'think',
  'type' => '',
  'auto_start' => true,
)
[ info ] [ LANG ] D:\phpstudy_pro\WWW\testfast\public/../application/admin/lang/zh-cn/ajax.php
[ info ] [ RUN ] app\admin\controller\Ajax->lang[ D:\phpstudy_pro\WWW\testfast\application\admin\controller\Ajax.php ]
[ info ] [ LANG ] D:\phpstudy_pro\WWW\testfast\public/../application/admin/lang/zh-cn/addon.php
[ info ] [ BEHAVIOR ] Run app\admin\behavior\AdminLog @app_end [ RunTime:0.000118s ]
[ info ] [ LOG ] INIT File
---------------------------------------------------------------
[ 2020-12-04T16:10:14+08:00 ] 127.0.0.1 POST testfast.phpweb.com/addon/install
[运行时间：0.246105s] [吞吐率：4.06req/s] [内存消耗：5,269.70kb] [文件加载：177]
[ info ] [ BEHAVIOR ] Run Closure @app_init [ RunTime:0.000016s ]
[ info ] [ CACHE ] INIT File
[ info ] [ BEHAVIOR ] Run Closure @app_init [ RunTime:0.001045s ]
[ info ] [ LANG ] D:\phpstudy_pro\WWW\testfast\thinkphp\lang\zh-cn.php
[ info ] [ BEHAVIOR ] Run app\common\behavior\Common @app_dispatch [ RunTime:0.000190s ]
[ info ] [ BIND ] 'admin'
[ info ] [ ROUTE ] array (
  'type' => 'module',
  'module' => 
  array (
    0 => 'admin',
    1 => 'addon',
    2 => 'install',
  ),
)
[ info ] [ HEADER ] array (
  'cookie' => '_ga=GA1.2.1453279067.1606274574; PHPSESSID=ovb3ko0vib2voma1bnnmj5udpl; think_var=zh-cn',
  'accept-language' => 'zh-CN,zh;q=0.9',
  'accept-encoding' => 'gzip, deflate',
  'origin' => 'http://testfast.phpweb.com',
  'content-type' => 'application/x-www-form-urlencoded; charset=UTF-8',
  'user-agent' => 'Mozilla/5.0 (Windows NT 10.0; Win64; x64) AppleWebKit/537.36 (KHTML, like Gecko) Chrome/86.0.4240.111 Safari/537.36',
  'x-requested-with' => 'XMLHttpRequest',
  'accept' => 'application/json, text/javascript, */*; q=0.01',
  'content-length' => '117',
  'connection' => 'close',
  'host' => 'testfast.phpweb.com',
)
[ info ] [ PARAM ] array (
  'name' => 'geetest',
  'force' => '0',
  'uid' => '20913',
  'token' => '20803e5d-a9f5-46d4-80fc-111d3b87bd8b',
  'version' => '1.0.0',
  'faversion' => '1.2.0.20201008_beta',
)
[ info ] [ LANG ] D:\phpstudy_pro\WWW\testfast\public/../application/admin\lang\zh-cn.php
[ info ] [ BEHAVIOR ] Run app\common\behavior\Common @module_init [ RunTime:0.000844s ]
[ info ] [ SESSION ] INIT array (
  'id' => '',
  'var_session_id' => '',
  'prefix' => 'think',
  'type' => '',
  'auto_start' => true,
)
[ info ] [ DB ] INIT mysql
[ info ] [ LANG ] D:\phpstudy_pro\WWW\testfast\public/../application/admin/lang/zh-cn/addon.php
[ info ] [ RUN ] app\admin\controller\Addon->install[ D:\phpstudy_pro\WWW\testfast\application\admin\controller\Addon.php ]
[ info ] [ BEHAVIOR ] Run app\admin\behavior\AdminLog @app_end [ RunTime:0.004951s ]
[ info ] [ LOG ] INIT File
---------------------------------------------------------------
[ 2020-12-04T16:10:45+08:00 ] 127.0.0.1 POST testfast.phpweb.com/addon/install
[运行时间：0.248074s] [吞吐率：4.03req/s] [内存消耗：5,269.73kb] [文件加载：177]
[ info ] [ BEHAVIOR ] Run Closure @app_init [ RunTime:0.000051s ]
[ info ] [ CACHE ] INIT File
[ info ] [ BEHAVIOR ] Run Closure @app_init [ RunTime:0.001015s ]
[ info ] [ LANG ] D:\phpstudy_pro\WWW\testfast\thinkphp\lang\zh-cn.php
[ info ] [ BEHAVIOR ] Run app\common\behavior\Common @app_dispatch [ RunTime:0.000187s ]
[ info ] [ BIND ] 'admin'
[ info ] [ ROUTE ] array (
  'type' => 'module',
  'module' => 
  array (
    0 => 'admin',
    1 => 'addon',
    2 => 'install',
  ),
)
[ info ] [ HEADER ] array (
  'cookie' => '_ga=GA1.2.1453279067.1606274574; PHPSESSID=ovb3ko0vib2voma1bnnmj5udpl; think_var=zh-cn',
  'accept-language' => 'zh-CN,zh;q=0.9',
  'accept-encoding' => 'gzip, deflate',
  'origin' => 'http://testfast.phpweb.com',
  'content-type' => 'application/x-www-form-urlencoded; charset=UTF-8',
  'user-agent' => 'Mozilla/5.0 (Windows NT 10.0; Win64; x64) AppleWebKit/537.36 (KHTML, like Gecko) Chrome/86.0.4240.111 Safari/537.36',
  'x-requested-with' => 'XMLHttpRequest',
  'accept' => 'application/json, text/javascript, */*; q=0.01',
  'content-length' => '120',
  'connection' => 'close',
  'host' => 'testfast.phpweb.com',
)
[ info ] [ PARAM ] array (
  'name' => 'clicaptcha',
  'force' => '0',
  'uid' => '20913',
  'token' => '20803e5d-a9f5-46d4-80fc-111d3b87bd8b',
  'version' => '1.0.2',
  'faversion' => '1.2.0.20201008_beta',
)
[ info ] [ LANG ] D:\phpstudy_pro\WWW\testfast\public/../application/admin\lang\zh-cn.php
[ info ] [ BEHAVIOR ] Run app\common\behavior\Common @module_init [ RunTime:0.001123s ]
[ info ] [ SESSION ] INIT array (
  'id' => '',
  'var_session_id' => '',
  'prefix' => 'think',
  'type' => '',
  'auto_start' => true,
)
[ info ] [ DB ] INIT mysql
[ info ] [ LANG ] D:\phpstudy_pro\WWW\testfast\public/../application/admin/lang/zh-cn/addon.php
[ info ] [ RUN ] app\admin\controller\Addon->install[ D:\phpstudy_pro\WWW\testfast\application\admin\controller\Addon.php ]
[ info ] [ BEHAVIOR ] Run app\admin\behavior\AdminLog @app_end [ RunTime:0.004738s ]
[ info ] [ LOG ] INIT File
---------------------------------------------------------------
[ 2020-12-04T16:11:07+08:00 ] 127.0.0.1 POST testfast.phpweb.com/addon/install
[运行时间：0.245393s] [吞吐率：4.08req/s] [内存消耗：5,269.70kb] [文件加载：177]
[ info ] [ BEHAVIOR ] Run Closure @app_init [ RunTime:0.000013s ]
[ info ] [ CACHE ] INIT File
[ info ] [ BEHAVIOR ] Run Closure @app_init [ RunTime:0.000976s ]
[ info ] [ LANG ] D:\phpstudy_pro\WWW\testfast\thinkphp\lang\zh-cn.php
[ info ] [ BEHAVIOR ] Run app\common\behavior\Common @app_dispatch [ RunTime:0.000207s ]
[ info ] [ BIND ] 'admin'
[ info ] [ ROUTE ] array (
  'type' => 'module',
  'module' => 
  array (
    0 => 'admin',
    1 => 'addon',
    2 => 'install',
  ),
)
[ info ] [ HEADER ] array (
  'cookie' => '_ga=GA1.2.1453279067.1606274574; PHPSESSID=ovb3ko0vib2voma1bnnmj5udpl; think_var=zh-cn',
  'accept-language' => 'zh-CN,zh;q=0.9',
  'accept-encoding' => 'gzip, deflate',
  'origin' => 'http://testfast.phpweb.com',
  'content-type' => 'application/x-www-form-urlencoded; charset=UTF-8',
  'user-agent' => 'Mozilla/5.0 (Windows NT 10.0; Win64; x64) AppleWebKit/537.36 (KHTML, like Gecko) Chrome/86.0.4240.111 Safari/537.36',
  'x-requested-with' => 'XMLHttpRequest',
  'accept' => 'application/json, text/javascript, */*; q=0.01',
  'content-length' => '117',
  'connection' => 'close',
  'host' => 'testfast.phpweb.com',
)
[ info ] [ PARAM ] array (
  'name' => 'geetest',
  'force' => '0',
  'uid' => '20913',
  'token' => '20803e5d-a9f5-46d4-80fc-111d3b87bd8b',
  'version' => '1.0.1',
  'faversion' => '1.2.0.20201008_beta',
)
[ info ] [ LANG ] D:\phpstudy_pro\WWW\testfast\public/../application/admin\lang\zh-cn.php
[ info ] [ BEHAVIOR ] Run app\common\behavior\Common @module_init [ RunTime:0.001104s ]
[ info ] [ SESSION ] INIT array (
  'id' => '',
  'var_session_id' => '',
  'prefix' => 'think',
  'type' => '',
  'auto_start' => true,
)
[ info ] [ DB ] INIT mysql
[ info ] [ LANG ] D:\phpstudy_pro\WWW\testfast\public/../application/admin/lang/zh-cn/addon.php
[ info ] [ RUN ] app\admin\controller\Addon->install[ D:\phpstudy_pro\WWW\testfast\application\admin\controller\Addon.php ]
[ info ] [ BEHAVIOR ] Run app\admin\behavior\AdminLog @app_end [ RunTime:0.005139s ]
[ info ] [ LOG ] INIT File
---------------------------------------------------------------
[ 2020-12-04T16:11:50+08:00 ] 127.0.0.1 POST testfast.phpweb.com/addon/install
[运行时间：0.240983s] [吞吐率：4.15req/s] [内存消耗：5,269.70kb] [文件加载：177]
[ info ] [ BEHAVIOR ] Run Closure @app_init [ RunTime:0.000011s ]
[ info ] [ CACHE ] INIT File
[ info ] [ BEHAVIOR ] Run Closure @app_init [ RunTime:0.001498s ]
[ info ] [ LANG ] D:\phpstudy_pro\WWW\testfast\thinkphp\lang\zh-cn.php
[ info ] [ BEHAVIOR ] Run app\common\behavior\Common @app_dispatch [ RunTime:0.000699s ]
[ info ] [ BIND ] 'admin'
[ info ] [ ROUTE ] array (
  'type' => 'module',
  'module' => 
  array (
    0 => 'admin',
    1 => 'addon',
    2 => 'install',
  ),
)
[ info ] [ HEADER ] array (
  'cookie' => '_ga=GA1.2.1453279067.1606274574; PHPSESSID=ovb3ko0vib2voma1bnnmj5udpl; think_var=zh-cn',
  'accept-language' => 'zh-CN,zh;q=0.9',
  'accept-encoding' => 'gzip, deflate',
  'origin' => 'http://testfast.phpweb.com',
  'content-type' => 'application/x-www-form-urlencoded; charset=UTF-8',
  'user-agent' => 'Mozilla/5.0 (Windows NT 10.0; Win64; x64) AppleWebKit/537.36 (KHTML, like Gecko) Chrome/86.0.4240.111 Safari/537.36',
  'x-requested-with' => 'XMLHttpRequest',
  'accept' => 'application/json, text/javascript, */*; q=0.01',
  'content-length' => '117',
  'connection' => 'close',
  'host' => 'testfast.phpweb.com',
)
[ info ] [ PARAM ] array (
  'name' => 'geetest',
  'force' => '0',
  'uid' => '20913',
  'token' => '20803e5d-a9f5-46d4-80fc-111d3b87bd8b',
  'version' => '1.0.0',
  'faversion' => '1.2.0.20201008_beta',
)
[ info ] [ LANG ] D:\phpstudy_pro\WWW\testfast\public/../application/admin\lang\zh-cn.php
[ info ] [ BEHAVIOR ] Run app\common\behavior\Common @module_init [ RunTime:0.001084s ]
[ info ] [ SESSION ] INIT array (
  'id' => '',
  'var_session_id' => '',
  'prefix' => 'think',
  'type' => '',
  'auto_start' => true,
)
[ info ] [ DB ] INIT mysql
[ info ] [ LANG ] D:\phpstudy_pro\WWW\testfast\public/../application/admin/lang/zh-cn/addon.php
[ info ] [ RUN ] app\admin\controller\Addon->install[ D:\phpstudy_pro\WWW\testfast\application\admin\controller\Addon.php ]
[ info ] [ BEHAVIOR ] Run app\admin\behavior\AdminLog @app_end [ RunTime:0.004961s ]
[ info ] [ LOG ] INIT File
---------------------------------------------------------------
[ 2020-12-04T16:38:45+08:00 ] 127.0.0.1 POST testfast.phpweb.com/addon/install
[运行时间：0.781038s] [吞吐率：1.28req/s] [内存消耗：6,295.41kb] [文件加载：217]
[ info ] [ BEHAVIOR ] Run Closure @app_init [ RunTime:0.000022s ]
[ info ] [ CACHE ] INIT File
[ info ] [ BEHAVIOR ] Run Closure @app_init [ RunTime:0.001441s ]
[ info ] [ LANG ] D:\phpstudy_pro\WWW\testfast\thinkphp\lang\zh-cn.php
[ info ] [ BEHAVIOR ] Run app\common\behavior\Common @app_dispatch [ RunTime:0.000338s ]
[ info ] [ BIND ] 'admin'
[ info ] [ ROUTE ] array (
  'type' => 'module',
  'module' => 
  array (
    0 => 'admin',
    1 => 'addon',
    2 => 'install',
  ),
)
[ info ] [ HEADER ] array (
  'cookie' => '_ga=GA1.2.1453279067.1606274574; PHPSESSID=ovb3ko0vib2voma1bnnmj5udpl; think_var=zh-cn',
  'accept-language' => 'zh-CN,zh;q=0.9',
  'accept-encoding' => 'gzip, deflate',
  'origin' => 'http://testfast.phpweb.com',
  'content-type' => 'application/x-www-form-urlencoded; charset=UTF-8',
  'user-agent' => 'Mozilla/5.0 (Windows NT 10.0; Win64; x64) AppleWebKit/537.36 (KHTML, like Gecko) Chrome/86.0.4240.111 Safari/537.36',
  'x-requested-with' => 'XMLHttpRequest',
  'accept' => 'application/json, text/javascript, */*; q=0.01',
  'content-length' => '116',
  'connection' => 'close',
  'host' => 'testfast.phpweb.com',
)
[ info ] [ PARAM ] array (
  'name' => 'qrcode',
  'force' => '0',
  'uid' => '20913',
  'token' => '20803e5d-a9f5-46d4-80fc-111d3b87bd8b',
  'version' => '1.0.4',
  'faversion' => '1.2.0.20201008_beta',
)
[ info ] [ LANG ] D:\phpstudy_pro\WWW\testfast\public/../application/admin\lang\zh-cn.php
[ info ] [ BEHAVIOR ] Run app\common\behavior\Common @module_init [ RunTime:0.001454s ]
[ info ] [ SESSION ] INIT array (
  'id' => '',
  'var_session_id' => '',
  'prefix' => 'think',
  'type' => '',
  'auto_start' => true,
)
[ info ] [ DB ] INIT mysql
[ info ] [ LANG ] D:\phpstudy_pro\WWW\testfast\public/../application/admin/lang/zh-cn/addon.php
[ info ] [ RUN ] app\admin\controller\Addon->install[ D:\phpstudy_pro\WWW\testfast\application\admin\controller\Addon.php ]
[ info ] [ BEHAVIOR ] Run app\admin\behavior\AdminLog @app_end [ RunTime:0.007920s ]
[ info ] [ LOG ] INIT File
---------------------------------------------------------------
[ 2020-12-04T16:38:45+08:00 ] 127.0.0.1 POST testfast.phpweb.com/index/index
[运行时间：0.108885s] [吞吐率：9.18req/s] [内存消耗：4,517.05kb] [文件加载：154]
[ info ] [ BEHAVIOR ] Run Closure @app_init [ RunTime:0.000044s ]
[ info ] [ CACHE ] INIT File
[ info ] [ BEHAVIOR ] Run \addons\qrcode\Qrcode @app_init [ RunTime:0.002263s ]
[ info ] [ BEHAVIOR ] Run Closure @app_init [ RunTime:0.002276s ]
[ info ] [ LANG ] D:\phpstudy_pro\WWW\testfast\thinkphp\lang\zh-cn.php
[ info ] [ BEHAVIOR ] Run app\common\behavior\Common @app_dispatch [ RunTime:0.000319s ]
[ info ] [ BIND ] 'admin'
[ info ] [ ROUTE ] array (
  'type' => 'module',
  'module' => 
  array (
    0 => 'admin',
    1 => 'index',
    2 => 'index',
  ),
)
[ info ] [ HEADER ] array (
  'cookie' => '_ga=GA1.2.1453279067.1606274574; PHPSESSID=ovb3ko0vib2voma1bnnmj5udpl; think_var=zh-cn',
  'accept-language' => 'zh-CN,zh;q=0.9',
  'accept-encoding' => 'gzip, deflate',
  'origin' => 'http://testfast.phpweb.com',
  'content-type' => 'application/x-www-form-urlencoded; charset=UTF-8',
  'user-agent' => 'Mozilla/5.0 (Windows NT 10.0; Win64; x64) AppleWebKit/537.36 (KHTML, like Gecko) Chrome/86.0.4240.111 Safari/537.36',
  'x-requested-with' => 'XMLHttpRequest',
  'accept' => 'application/json, text/javascript, */*; q=0.01',
  'content-length' => '18',
  'connection' => 'close',
  'host' => 'testfast.phpweb.com',
)
[ info ] [ PARAM ] array (
  'action' => 'refreshmenu',
)
[ info ] [ LANG ] D:\phpstudy_pro\WWW\testfast\public/../application/admin\lang\zh-cn.php
[ info ] [ BEHAVIOR ] Run app\common\behavior\Common @module_init [ RunTime:0.001827s ]
[ info ] [ SESSION ] INIT array (
  'id' => '',
  'var_session_id' => '',
  'prefix' => 'think',
  'type' => '',
  'auto_start' => true,
)
[ info ] [ LANG ] D:\phpstudy_pro\WWW\testfast\public/../application/admin/lang/zh-cn/index.php
[ info ] [ RUN ] app\admin\controller\Index->index[ D:\phpstudy_pro\WWW\testfast\application\admin\controller\Index.php ]
[ info ] [ DB ] INIT mysql
[ info ] [ BEHAVIOR ] Run app\admin\behavior\AdminLog @app_end [ RunTime:0.000609s ]
[ info ] [ LOG ] INIT File
---------------------------------------------------------------
[ 2020-12-04T16:38:50+08:00 ] 127.0.0.1 GET testfast.phpweb.com/ajax/wipecache?type=all&_=1607069341353
[运行时间：0.063524s] [吞吐率：15.74req/s] [内存消耗：3,613.38kb] [文件加载：138]
[ info ] [ BEHAVIOR ] Run Closure @app_init [ RunTime:0.000012s ]
[ info ] [ CACHE ] INIT File
[ info ] [ BEHAVIOR ] Run \addons\qrcode\Qrcode @app_init [ RunTime:0.001639s ]
[ info ] [ BEHAVIOR ] Run Closure @app_init [ RunTime:0.001651s ]
[ info ] [ LANG ] D:\phpstudy_pro\WWW\testfast\thinkphp\lang\zh-cn.php
[ info ] [ BEHAVIOR ] Run app\common\behavior\Common @app_dispatch [ RunTime:0.000185s ]
[ info ] [ BIND ] 'admin'
[ info ] [ ROUTE ] array (
  'type' => 'module',
  'module' => 
  array (
    0 => 'admin',
    1 => 'ajax',
    2 => 'wipecache',
  ),
)
[ info ] [ HEADER ] array (
  'cookie' => '_ga=GA1.2.1453279067.1606274574; PHPSESSID=ovb3ko0vib2voma1bnnmj5udpl; think_var=zh-cn',
  'accept-language' => 'zh-CN,zh;q=0.9',
  'accept-encoding' => 'gzip, deflate',
  'x-requested-with' => 'XMLHttpRequest',
  'user-agent' => 'Mozilla/5.0 (Windows NT 10.0; Win64; x64) AppleWebKit/537.36 (KHTML, like Gecko) Chrome/86.0.4240.111 Safari/537.36',
  'accept' => 'application/json, text/javascript, */*; q=0.01',
  'connection' => 'close',
  'host' => 'testfast.phpweb.com',
)
[ info ] [ PARAM ] array (
  'type' => 'all',
  '_' => '1607069341353',
)
[ info ] [ LANG ] D:\phpstudy_pro\WWW\testfast\public/../application/admin\lang\zh-cn.php
[ info ] [ BEHAVIOR ] Run app\common\behavior\Common @module_init [ RunTime:0.000823s ]
[ info ] [ SESSION ] INIT array (
  'id' => '',
  'var_session_id' => '',
  'prefix' => 'think',
  'type' => '',
  'auto_start' => true,
)
[ info ] [ LANG ] D:\phpstudy_pro\WWW\testfast\public/../application/admin/lang/zh-cn/ajax.php
[ info ] [ RUN ] app\admin\controller\Ajax->wipecache[ D:\phpstudy_pro\WWW\testfast\application\admin\controller\Ajax.php ]
[ info ] [ BEHAVIOR ] Run app\admin\behavior\AdminLog @app_end [ RunTime:0.000424s ]
[ info ] [ LOG ] INIT File
---------------------------------------------------------------
[ 2020-12-04T16:38:52+08:00 ] 127.0.0.1 GET testfast.phpweb.com/addon?ref=addtabs
[运行时间：0.061423s] [吞吐率：16.28req/s] [内存消耗：4,071.33kb] [文件加载：137]
[ info ] [ BEHAVIOR ] Run Closure @app_init [ RunTime:0.000015s ]
[ info ] [ CACHE ] INIT File
[ info ] [ BEHAVIOR ] Run \addons\qrcode\Qrcode @app_init [ RunTime:0.001950s ]
[ info ] [ BEHAVIOR ] Run Closure @app_init [ RunTime:0.001961s ]
[ info ] [ LANG ] D:\phpstudy_pro\WWW\testfast\thinkphp\lang\zh-cn.php
[ info ] [ BEHAVIOR ] Run app\common\behavior\Common @app_dispatch [ RunTime:0.000299s ]
[ info ] [ BIND ] 'admin'
[ info ] [ ROUTE ] array (
  'type' => 'module',
  'module' => 
  array (
    0 => 'admin',
    1 => 'addon',
    2 => NULL,
  ),
)
[ info ] [ HEADER ] array (
  'cookie' => '_ga=GA1.2.1453279067.1606274574; PHPSESSID=ovb3ko0vib2voma1bnnmj5udpl; think_var=zh-cn',
  'accept-language' => 'zh-CN,zh;q=0.9',
  'accept-encoding' => 'gzip, deflate',
  'accept' => 'text/html,application/xhtml+xml,application/xml;q=0.9,image/avif,image/webp,image/apng,*/*;q=0.8,application/signed-exchange;v=b3;q=0.9',
  'user-agent' => 'Mozilla/5.0 (Windows NT 10.0; Win64; x64) AppleWebKit/537.36 (KHTML, like Gecko) Chrome/86.0.4240.111 Safari/537.36',
  'upgrade-insecure-requests' => '1',
  'cache-control' => 'max-age=0',
  'connection' => 'close',
  'host' => 'testfast.phpweb.com',
)
[ info ] [ PARAM ] array (
  'ref' => 'addtabs',
)
[ info ] [ LANG ] D:\phpstudy_pro\WWW\testfast\public/../application/admin\lang\zh-cn.php
[ info ] [ BEHAVIOR ] Run app\common\behavior\Common @module_init [ RunTime:0.001965s ]
[ info ] [ SESSION ] INIT array (
  'id' => '',
  'var_session_id' => '',
  'prefix' => 'think',
  'type' => '',
  'auto_start' => true,
)
[ info ] [ DB ] INIT mysql
[ info ] [ BEHAVIOR ] Run app\admin\behavior\AdminLog @app_end [ RunTime:0.000157s ]
[ info ] [ LOG ] INIT File
---------------------------------------------------------------
[ 2020-12-04T16:38:52+08:00 ] 127.0.0.1 GET testfast.phpweb.com/index/index
[运行时间：0.093276s] [吞吐率：10.72req/s] [内存消耗：4,766.76kb] [文件加载：154]
[ info ] [ BEHAVIOR ] Run Closure @app_init [ RunTime:0.000014s ]
[ info ] [ CACHE ] INIT File
[ info ] [ BEHAVIOR ] Run \addons\qrcode\Qrcode @app_init [ RunTime:0.003876s ]
[ info ] [ BEHAVIOR ] Run Closure @app_init [ RunTime:0.003892s ]
[ info ] [ LANG ] D:\phpstudy_pro\WWW\testfast\thinkphp\lang\zh-cn.php
[ info ] [ BEHAVIOR ] Run app\common\behavior\Common @app_dispatch [ RunTime:0.000255s ]
[ info ] [ BIND ] 'admin'
[ info ] [ ROUTE ] array (
  'type' => 'module',
  'module' => 
  array (
    0 => 'admin',
    1 => 'index',
    2 => 'index',
  ),
)
[ info ] [ HEADER ] array (
  'cookie' => '_ga=GA1.2.1453279067.1606274574; PHPSESSID=ovb3ko0vib2voma1bnnmj5udpl; think_var=zh-cn',
  'accept-language' => 'zh-CN,zh;q=0.9',
  'accept-encoding' => 'gzip, deflate',
  'accept' => 'text/html,application/xhtml+xml,application/xml;q=0.9,image/avif,image/webp,image/apng,*/*;q=0.8,application/signed-exchange;v=b3;q=0.9',
  'user-agent' => 'Mozilla/5.0 (Windows NT 10.0; Win64; x64) AppleWebKit/537.36 (KHTML, like Gecko) Chrome/86.0.4240.111 Safari/537.36',
  'upgrade-insecure-requests' => '1',
  'cache-control' => 'max-age=0',
  'connection' => 'close',
  'host' => 'testfast.phpweb.com',
)
[ info ] [ PARAM ] array (
)
[ info ] [ LANG ] D:\phpstudy_pro\WWW\testfast\public/../application/admin\lang\zh-cn.php
[ info ] [ BEHAVIOR ] Run app\common\behavior\Common @module_init [ RunTime:0.000845s ]
[ info ] [ SESSION ] INIT array (
  'id' => '',
  'var_session_id' => '',
  'prefix' => 'think',
  'type' => '',
  'auto_start' => true,
)
[ info ] [ LANG ] D:\phpstudy_pro\WWW\testfast\public/../application/admin/lang/zh-cn/index.php
[ info ] [ RUN ] app\admin\controller\Index->index[ D:\phpstudy_pro\WWW\testfast\application\admin\controller\Index.php ]
[ info ] [ DB ] INIT mysql
[ info ] [ VIEW ] D:\phpstudy_pro\WWW\testfast\public/../application/admin\view\index\index.html [ array (
  0 => 'breadcrumb',
  1 => 'site',
  2 => 'config',
  3 => 'auth',
  4 => 'admin',
  5 => 'menulist',
  6 => 'navlist',
  7 => 'fixedmenu',
  8 => 'referermenu',
  9 => 'title',
) ]
[ info ] [ BEHAVIOR ] Run app\admin\behavior\AdminLog @app_end [ RunTime:0.000243s ]
[ info ] [ LOG ] INIT File
---------------------------------------------------------------
[ 2020-12-04T16:38:52+08:00 ] 127.0.0.1 GET testfast.phpweb.com/dashboard?addtabs=1
[运行时间：0.075036s] [吞吐率：13.33req/s] [内存消耗：4,515.01kb] [文件加载：143]
[ info ] [ BEHAVIOR ] Run Closure @app_init [ RunTime:0.000035s ]
[ info ] [ CACHE ] INIT File
[ info ] [ BEHAVIOR ] Run \addons\qrcode\Qrcode @app_init [ RunTime:0.005254s ]
[ info ] [ BEHAVIOR ] Run Closure @app_init [ RunTime:0.005279s ]
[ info ] [ LANG ] D:\phpstudy_pro\WWW\testfast\thinkphp\lang\zh-cn.php
[ info ] [ BEHAVIOR ] Run app\common\behavior\Common @app_dispatch [ RunTime:0.000561s ]
[ info ] [ BIND ] 'admin'
[ info ] [ ROUTE ] array (
  'type' => 'module',
  'module' => 
  array (
    0 => 'admin',
    1 => 'dashboard',
    2 => NULL,
  ),
)
[ info ] [ HEADER ] array (
  'cookie' => '_ga=GA1.2.1453279067.1606274574; PHPSESSID=ovb3ko0vib2voma1bnnmj5udpl; think_var=zh-cn',
  'accept-language' => 'zh-CN,zh;q=0.9',
  'accept-encoding' => 'gzip, deflate',
  'accept' => 'text/html,application/xhtml+xml,application/xml;q=0.9,image/avif,image/webp,image/apng,*/*;q=0.8,application/signed-exchange;v=b3;q=0.9',
  'user-agent' => 'Mozilla/5.0 (Windows NT 10.0; Win64; x64) AppleWebKit/537.36 (KHTML, like Gecko) Chrome/86.0.4240.111 Safari/537.36',
  'upgrade-insecure-requests' => '1',
  'connection' => 'close',
  'host' => 'testfast.phpweb.com',
)
[ info ] [ PARAM ] array (
  'addtabs' => '1',
)
[ info ] [ LANG ] D:\phpstudy_pro\WWW\testfast\public/../application/admin\lang\zh-cn.php
[ info ] [ BEHAVIOR ] Run app\common\behavior\Common @module_init [ RunTime:0.001065s ]
[ info ] [ SESSION ] INIT array (
  'id' => '',
  'var_session_id' => '',
  'prefix' => 'think',
  'type' => '',
  'auto_start' => true,
)
[ info ] [ DB ] INIT mysql
[ info ] [ LANG ] D:\phpstudy_pro\WWW\testfast\public/../application/admin/lang/zh-cn/dashboard.php
[ info ] [ RUN ] app\admin\controller\Dashboard->index[ D:\phpstudy_pro\WWW\testfast\application\admin\controller\Dashboard.php ]
[ info ] [ VIEW ] D:\phpstudy_pro\WWW\testfast\public/../application/admin\view\dashboard\index.html [ array (
  0 => 'breadcrumb',
  1 => 'site',
  2 => 'config',
  3 => 'auth',
  4 => 'admin',
  5 => 'totaluser',
  6 => 'totalviews',
  7 => 'totalorder',
  8 => 'totalorderamount',
  9 => 'todayuserlogin',
  10 => 'todayusersignup',
  11 => 'todayorder',
  12 => 'unsettleorder',
  13 => 'sevendnu',
  14 => 'sevendau',
  15 => 'paylist',
  16 => 'createlist',
  17 => 'addonversion',
  18 => 'uploadmode',
) ]
[ info ] [ BEHAVIOR ] Run app\admin\behavior\AdminLog @app_end [ RunTime:0.000137s ]
[ info ] [ LOG ] INIT File
---------------------------------------------------------------
[ 2020-12-04T16:38:52+08:00 ] 127.0.0.1 GET testfast.phpweb.com/ajax/lang?callback=define&controllername=index&lang=zh-cn&v=1607071132&v=1607071132
[运行时间：0.037040s] [吞吐率：27.00req/s] [内存消耗：3,439.77kb] [文件加载：134]
[ info ] [ BEHAVIOR ] Run Closure @app_init [ RunTime:0.000013s ]
[ info ] [ CACHE ] INIT File
[ info ] [ BEHAVIOR ] Run \addons\qrcode\Qrcode @app_init [ RunTime:0.001701s ]
[ info ] [ BEHAVIOR ] Run Closure @app_init [ RunTime:0.001713s ]
[ info ] [ LANG ] D:\phpstudy_pro\WWW\testfast\thinkphp\lang\zh-cn.php
[ info ] [ BEHAVIOR ] Run app\common\behavior\Common @app_dispatch [ RunTime:0.000638s ]
[ info ] [ BIND ] 'admin'
[ info ] [ ROUTE ] array (
  'type' => 'module',
  'module' => 
  array (
    0 => 'admin',
    1 => 'ajax',
    2 => 'lang',
  ),
)
[ info ] [ HEADER ] array (
  'cookie' => '_ga=GA1.2.1453279067.1606274574; PHPSESSID=ovb3ko0vib2voma1bnnmj5udpl; think_var=zh-cn',
  'accept-language' => 'zh-CN,zh;q=0.9',
  'accept-encoding' => 'gzip, deflate',
  'accept' => '*/*',
  'user-agent' => 'Mozilla/5.0 (Windows NT 10.0; Win64; x64) AppleWebKit/537.36 (KHTML, like Gecko) Chrome/86.0.4240.111 Safari/537.36',
  'connection' => 'close',
  'host' => 'testfast.phpweb.com',
)
[ info ] [ PARAM ] array (
  'callback' => 'define',
  'controllername' => 'index',
  'lang' => 'zh-cn',
  'v' => '1607071132',
)
[ info ] [ LANG ] D:\phpstudy_pro\WWW\testfast\public/../application/admin\lang\zh-cn.php
[ info ] [ BEHAVIOR ] Run app\common\behavior\Common @module_init [ RunTime:0.001180s ]
[ info ] [ SESSION ] INIT array (
  'id' => '',
  'var_session_id' => '',
  'prefix' => 'think',
  'type' => '',
  'auto_start' => true,
)
[ info ] [ LANG ] D:\phpstudy_pro\WWW\testfast\public/../application/admin/lang/zh-cn/ajax.php
[ info ] [ RUN ] app\admin\controller\Ajax->lang[ D:\phpstudy_pro\WWW\testfast\application\admin\controller\Ajax.php ]
[ info ] [ LANG ] D:\phpstudy_pro\WWW\testfast\public/../application/admin/lang/zh-cn/index.php
[ info ] [ BEHAVIOR ] Run app\admin\behavior\AdminLog @app_end [ RunTime:0.000215s ]
[ info ] [ LOG ] INIT File
---------------------------------------------------------------
[ 2020-12-04T16:38:53+08:00 ] 127.0.0.1 GET testfast.phpweb.com/addon?addtabs=1
[运行时间：0.053546s] [吞吐率：18.68req/s] [内存消耗：4,535.24kb] [文件加载：143]
[ info ] [ BEHAVIOR ] Run Closure @app_init [ RunTime:0.000014s ]
[ info ] [ CACHE ] INIT File
[ info ] [ BEHAVIOR ] Run \addons\qrcode\Qrcode @app_init [ RunTime:0.002221s ]
[ info ] [ BEHAVIOR ] Run Closure @app_init [ RunTime:0.002236s ]
[ info ] [ LANG ] D:\phpstudy_pro\WWW\testfast\thinkphp\lang\zh-cn.php
[ info ] [ BEHAVIOR ] Run app\common\behavior\Common @app_dispatch [ RunTime:0.000190s ]
[ info ] [ BIND ] 'admin'
[ info ] [ ROUTE ] array (
  'type' => 'module',
  'module' => 
  array (
    0 => 'admin',
    1 => 'addon',
    2 => NULL,
  ),
)
[ info ] [ HEADER ] array (
  'cookie' => '_ga=GA1.2.1453279067.1606274574; PHPSESSID=ovb3ko0vib2voma1bnnmj5udpl; think_var=zh-cn',
  'accept-language' => 'zh-CN,zh;q=0.9',
  'accept-encoding' => 'gzip, deflate',
  'accept' => 'text/html,application/xhtml+xml,application/xml;q=0.9,image/avif,image/webp,image/apng,*/*;q=0.8,application/signed-exchange;v=b3;q=0.9',
  'user-agent' => 'Mozilla/5.0 (Windows NT 10.0; Win64; x64) AppleWebKit/537.36 (KHTML, like Gecko) Chrome/86.0.4240.111 Safari/537.36',
  'upgrade-insecure-requests' => '1',
  'connection' => 'close',
  'host' => 'testfast.phpweb.com',
)
[ info ] [ PARAM ] array (
  'addtabs' => '1',
)
[ info ] [ LANG ] D:\phpstudy_pro\WWW\testfast\public/../application/admin\lang\zh-cn.php
[ info ] [ BEHAVIOR ] Run app\common\behavior\Common @module_init [ RunTime:0.001102s ]
[ info ] [ SESSION ] INIT array (
  'id' => '',
  'var_session_id' => '',
  'prefix' => 'think',
  'type' => '',
  'auto_start' => true,
)
[ info ] [ DB ] INIT mysql
[ info ] [ LANG ] D:\phpstudy_pro\WWW\testfast\public/../application/admin/lang/zh-cn/addon.php
[ info ] [ RUN ] app\admin\controller\Addon->index[ D:\phpstudy_pro\WWW\testfast\application\admin\controller\Addon.php ]
[ info ] [ VIEW ] D:\phpstudy_pro\WWW\testfast\public/../application/admin\view\addon\index.html [ array (
  0 => 'breadcrumb',
  1 => 'site',
  2 => 'config',
  3 => 'auth',
  4 => 'admin',
) ]
[ info ] [ BEHAVIOR ] Run app\admin\behavior\AdminLog @app_end [ RunTime:0.000235s ]
[ info ] [ LOG ] INIT File
---------------------------------------------------------------
[ 2020-12-04T16:38:53+08:00 ] 127.0.0.1 GET testfast.phpweb.com/ajax/lang?callback=define&controllername=dashboard&lang=zh-cn&v=1607071132&v=1607071132
[运行时间：0.036941s] [吞吐率：27.07req/s] [内存消耗：3,437.90kb] [文件加载：134]
[ info ] [ BEHAVIOR ] Run Closure @app_init [ RunTime:0.000014s ]
[ info ] [ CACHE ] INIT File
[ info ] [ BEHAVIOR ] Run \addons\qrcode\Qrcode @app_init [ RunTime:0.001578s ]
[ info ] [ BEHAVIOR ] Run Closure @app_init [ RunTime:0.001587s ]
[ info ] [ LANG ] D:\phpstudy_pro\WWW\testfast\thinkphp\lang\zh-cn.php
[ info ] [ BEHAVIOR ] Run app\common\behavior\Common @app_dispatch [ RunTime:0.000188s ]
[ info ] [ BIND ] 'admin'
[ info ] [ ROUTE ] array (
  'type' => 'module',
  'module' => 
  array (
    0 => 'admin',
    1 => 'ajax',
    2 => 'lang',
  ),
)
[ info ] [ HEADER ] array (
  'cookie' => '_ga=GA1.2.1453279067.1606274574; PHPSESSID=ovb3ko0vib2voma1bnnmj5udpl; think_var=zh-cn',
  'accept-language' => 'zh-CN,zh;q=0.9',
  'accept-encoding' => 'gzip, deflate',
  'accept' => '*/*',
  'user-agent' => 'Mozilla/5.0 (Windows NT 10.0; Win64; x64) AppleWebKit/537.36 (KHTML, like Gecko) Chrome/86.0.4240.111 Safari/537.36',
  'connection' => 'close',
  'host' => 'testfast.phpweb.com',
)
[ info ] [ PARAM ] array (
  'callback' => 'define',
  'controllername' => 'dashboard',
  'lang' => 'zh-cn',
  'v' => '1607071132',
)
[ info ] [ LANG ] D:\phpstudy_pro\WWW\testfast\public/../application/admin\lang\zh-cn.php
[ info ] [ BEHAVIOR ] Run app\common\behavior\Common @module_init [ RunTime:0.001903s ]
[ info ] [ SESSION ] INIT array (
  'id' => '',
  'var_session_id' => '',
  'prefix' => 'think',
  'type' => '',
  'auto_start' => true,
)
[ info ] [ LANG ] D:\phpstudy_pro\WWW\testfast\public/../application/admin/lang/zh-cn/ajax.php
[ info ] [ RUN ] app\admin\controller\Ajax->lang[ D:\phpstudy_pro\WWW\testfast\application\admin\controller\Ajax.php ]
[ info ] [ LANG ] D:\phpstudy_pro\WWW\testfast\public/../application/admin/lang/zh-cn/dashboard.php
[ info ] [ BEHAVIOR ] Run app\admin\behavior\AdminLog @app_end [ RunTime:0.000147s ]
[ info ] [ LOG ] INIT File
---------------------------------------------------------------
[ 2020-12-04T16:38:54+08:00 ] 127.0.0.1 GET testfast.phpweb.com/ajax/lang?callback=define&controllername=addon&lang=zh-cn&v=1607071133&v=1607071133
[运行时间：0.035382s] [吞吐率：28.26req/s] [内存消耗：3,459.42kb] [文件加载：134]
[ info ] [ BEHAVIOR ] Run Closure @app_init [ RunTime:0.000014s ]
[ info ] [ CACHE ] INIT File
[ info ] [ BEHAVIOR ] Run \addons\qrcode\Qrcode @app_init [ RunTime:0.001660s ]
[ info ] [ BEHAVIOR ] Run Closure @app_init [ RunTime:0.001672s ]
[ info ] [ LANG ] D:\phpstudy_pro\WWW\testfast\thinkphp\lang\zh-cn.php
[ info ] [ BEHAVIOR ] Run app\common\behavior\Common @app_dispatch [ RunTime:0.000360s ]
[ info ] [ BIND ] 'admin'
[ info ] [ ROUTE ] array (
  'type' => 'module',
  'module' => 
  array (
    0 => 'admin',
    1 => 'ajax',
    2 => 'lang',
  ),
)
[ info ] [ HEADER ] array (
  'cookie' => '_ga=GA1.2.1453279067.1606274574; PHPSESSID=ovb3ko0vib2voma1bnnmj5udpl; think_var=zh-cn',
  'accept-language' => 'zh-CN,zh;q=0.9',
  'accept-encoding' => 'gzip, deflate',
  'accept' => '*/*',
  'user-agent' => 'Mozilla/5.0 (Windows NT 10.0; Win64; x64) AppleWebKit/537.36 (KHTML, like Gecko) Chrome/86.0.4240.111 Safari/537.36',
  'connection' => 'close',
  'host' => 'testfast.phpweb.com',
)
[ info ] [ PARAM ] array (
  'callback' => 'define',
  'controllername' => 'addon',
  'lang' => 'zh-cn',
  'v' => '1607071133',
)
[ info ] [ LANG ] D:\phpstudy_pro\WWW\testfast\public/../application/admin\lang\zh-cn.php
[ info ] [ BEHAVIOR ] Run app\common\behavior\Common @module_init [ RunTime:0.001129s ]
[ info ] [ SESSION ] INIT array (
  'id' => '',
  'var_session_id' => '',
  'prefix' => 'think',
  'type' => '',
  'auto_start' => true,
)
[ info ] [ LANG ] D:\phpstudy_pro\WWW\testfast\public/../application/admin/lang/zh-cn/ajax.php
[ info ] [ RUN ] app\admin\controller\Ajax->lang[ D:\phpstudy_pro\WWW\testfast\application\admin\controller\Ajax.php ]
[ info ] [ LANG ] D:\phpstudy_pro\WWW\testfast\public/../application/admin/lang/zh-cn/addon.php
[ info ] [ BEHAVIOR ] Run app\admin\behavior\AdminLog @app_end [ RunTime:0.000123s ]
[ info ] [ LOG ] INIT File
---------------------------------------------------------------
[ 2020-12-04T16:39:09+08:00 ] 127.0.0.1 POST testfast.phpweb.com/addon/state
[运行时间：0.057833s] [吞吐率：17.29req/s] [内存消耗：4,531.91kb] [文件加载：145]
[ info ] [ BEHAVIOR ] Run Closure @app_init [ RunTime:0.000013s ]
[ info ] [ CACHE ] INIT File
[ info ] [ BEHAVIOR ] Run \addons\qrcode\Qrcode @app_init [ RunTime:0.001785s ]
[ info ] [ BEHAVIOR ] Run Closure @app_init [ RunTime:0.001797s ]
[ info ] [ LANG ] D:\phpstudy_pro\WWW\testfast\thinkphp\lang\zh-cn.php
[ info ] [ BEHAVIOR ] Run app\common\behavior\Common @app_dispatch [ RunTime:0.000397s ]
[ info ] [ BIND ] 'admin'
[ info ] [ ROUTE ] array (
  'type' => 'module',
  'module' => 
  array (
    0 => 'admin',
    1 => 'addon',
    2 => 'state',
  ),
)
[ info ] [ HEADER ] array (
  'cookie' => '_ga=GA1.2.1453279067.1606274574; PHPSESSID=ovb3ko0vib2voma1bnnmj5udpl; think_var=zh-cn',
  'accept-language' => 'zh-CN,zh;q=0.9',
  'accept-encoding' => 'gzip, deflate',
  'origin' => 'http://testfast.phpweb.com',
  'content-type' => 'application/x-www-form-urlencoded; charset=UTF-8',
  'user-agent' => 'Mozilla/5.0 (Windows NT 10.0; Win64; x64) AppleWebKit/537.36 (KHTML, like Gecko) Chrome/86.0.4240.111 Safari/537.36',
  'x-requested-with' => 'XMLHttpRequest',
  'accept' => 'application/json, text/javascript, */*; q=0.01',
  'content-length' => '34',
  'connection' => 'close',
  'host' => 'testfast.phpweb.com',
)
[ info ] [ PARAM ] array (
  'name' => 'qrcode',
  'action' => 'disable',
  'force' => '0',
)
[ info ] [ LANG ] D:\phpstudy_pro\WWW\testfast\public/../application/admin\lang\zh-cn.php
[ info ] [ BEHAVIOR ] Run app\common\behavior\Common @module_init [ RunTime:0.000848s ]
[ info ] [ SESSION ] INIT array (
  'id' => '',
  'var_session_id' => '',
  'prefix' => 'think',
  'type' => '',
  'auto_start' => true,
)
[ info ] [ DB ] INIT mysql
[ info ] [ LANG ] D:\phpstudy_pro\WWW\testfast\public/../application/admin/lang/zh-cn/addon.php
[ info ] [ RUN ] app\admin\controller\Addon->state[ D:\phpstudy_pro\WWW\testfast\application\admin\controller\Addon.php ]
[ info ] [ BEHAVIOR ] Run app\admin\behavior\AdminLog @app_end [ RunTime:0.006013s ]
[ info ] [ LOG ] INIT File
---------------------------------------------------------------
[ 2020-12-04T16:39:09+08:00 ] 127.0.0.1 POST testfast.phpweb.com/index/index
[运行时间：0.103093s] [吞吐率：9.70req/s] [内存消耗：4,481.03kb] [文件加载：152]
[ info ] [ BEHAVIOR ] Run Closure @app_init [ RunTime:0.000014s ]
[ info ] [ CACHE ] INIT File
[ info ] [ BEHAVIOR ] Run Closure @app_init [ RunTime:0.001601s ]
[ info ] [ LANG ] D:\phpstudy_pro\WWW\testfast\thinkphp\lang\zh-cn.php
[ info ] [ BEHAVIOR ] Run app\common\behavior\Common @app_dispatch [ RunTime:0.000352s ]
[ info ] [ BIND ] 'admin'
[ info ] [ ROUTE ] array (
  'type' => 'module',
  'module' => 
  array (
    0 => 'admin',
    1 => 'index',
    2 => 'index',
  ),
)
[ info ] [ HEADER ] array (
  'cookie' => '_ga=GA1.2.1453279067.1606274574; PHPSESSID=ovb3ko0vib2voma1bnnmj5udpl; think_var=zh-cn',
  'accept-language' => 'zh-CN,zh;q=0.9',
  'accept-encoding' => 'gzip, deflate',
  'origin' => 'http://testfast.phpweb.com',
  'content-type' => 'application/x-www-form-urlencoded; charset=UTF-8',
  'user-agent' => 'Mozilla/5.0 (Windows NT 10.0; Win64; x64) AppleWebKit/537.36 (KHTML, like Gecko) Chrome/86.0.4240.111 Safari/537.36',
  'x-requested-with' => 'XMLHttpRequest',
  'accept' => 'application/json, text/javascript, */*; q=0.01',
  'content-length' => '18',
  'connection' => 'close',
  'host' => 'testfast.phpweb.com',
)
[ info ] [ PARAM ] array (
  'action' => 'refreshmenu',
)
[ info ] [ LANG ] D:\phpstudy_pro\WWW\testfast\public/../application/admin\lang\zh-cn.php
[ info ] [ BEHAVIOR ] Run app\common\behavior\Common @module_init [ RunTime:0.000991s ]
[ info ] [ SESSION ] INIT array (
  'id' => '',
  'var_session_id' => '',
  'prefix' => 'think',
  'type' => '',
  'auto_start' => true,
)
[ info ] [ LANG ] D:\phpstudy_pro\WWW\testfast\public/../application/admin/lang/zh-cn/index.php
[ info ] [ RUN ] app\admin\controller\Index->index[ D:\phpstudy_pro\WWW\testfast\application\admin\controller\Index.php ]
[ info ] [ DB ] INIT mysql
[ info ] [ BEHAVIOR ] Run app\admin\behavior\AdminLog @app_end [ RunTime:0.001056s ]
[ info ] [ LOG ] INIT File
---------------------------------------------------------------
[ 2020-12-04T16:39:16+08:00 ] 127.0.0.1 POST testfast.phpweb.com/addon/get_table_list
[运行时间：0.048411s] [吞吐率：20.66req/s] [内存消耗：4,332.52kb] [文件加载：142]
[ info ] [ BEHAVIOR ] Run Closure @app_init [ RunTime:0.000015s ]
[ info ] [ CACHE ] INIT File
[ info ] [ BEHAVIOR ] Run Closure @app_init [ RunTime:0.000996s ]
[ info ] [ LANG ] D:\phpstudy_pro\WWW\testfast\thinkphp\lang\zh-cn.php
[ info ] [ BEHAVIOR ] Run app\common\behavior\Common @app_dispatch [ RunTime:0.000189s ]
[ info ] [ BIND ] 'admin'
[ info ] [ ROUTE ] array (
  'type' => 'module',
  'module' => 
  array (
    0 => 'admin',
    1 => 'addon',
    2 => 'get_table_list',
  ),
)
[ info ] [ HEADER ] array (
  'cookie' => '_ga=GA1.2.1453279067.1606274574; PHPSESSID=ovb3ko0vib2voma1bnnmj5udpl; think_var=zh-cn',
  'accept-language' => 'zh-CN,zh;q=0.9',
  'accept-encoding' => 'gzip, deflate',
  'origin' => 'http://testfast.phpweb.com',
  'content-type' => 'application/x-www-form-urlencoded; charset=UTF-8',
  'user-agent' => 'Mozilla/5.0 (Windows NT 10.0; Win64; x64) AppleWebKit/537.36 (KHTML, like Gecko) Chrome/86.0.4240.111 Safari/537.36',
  'x-requested-with' => 'XMLHttpRequest',
  'accept' => 'application/json, text/javascript, */*; q=0.01',
  'content-length' => '11',
  'connection' => 'close',
  'host' => 'testfast.phpweb.com',
)
[ info ] [ PARAM ] array (
  'name' => 'qrcode',
)
[ info ] [ LANG ] D:\phpstudy_pro\WWW\testfast\public/../application/admin\lang\zh-cn.php
[ info ] [ BEHAVIOR ] Run app\common\behavior\Common @module_init [ RunTime:0.000863s ]
[ info ] [ SESSION ] INIT array (
  'id' => '',
  'var_session_id' => '',
  'prefix' => 'think',
  'type' => '',
  'auto_start' => true,
)
[ info ] [ LANG ] D:\phpstudy_pro\WWW\testfast\public/../application/admin/lang/zh-cn/addon.php
[ info ] [ DB ] INIT mysql
[ info ] [ RUN ] app\admin\controller\Addon->get_table_list[ D:\phpstudy_pro\WWW\testfast\application\admin\controller\Addon.php ]
[ info ] [ BEHAVIOR ] Run app\admin\behavior\AdminLog @app_end [ RunTime:0.005300s ]
[ info ] [ LOG ] INIT File
---------------------------------------------------------------
[ 2020-12-04T16:39:18+08:00 ] 127.0.0.1 POST testfast.phpweb.com/addon/uninstall
[运行时间：0.135222s] [吞吐率：7.40req/s] [内存消耗：4,522.24kb] [文件加载：145]
[ info ] [ BEHAVIOR ] Run Closure @app_init [ RunTime:0.000019s ]
[ info ] [ CACHE ] INIT File
[ info ] [ BEHAVIOR ] Run Closure @app_init [ RunTime:0.001817s ]
[ info ] [ LANG ] D:\phpstudy_pro\WWW\testfast\thinkphp\lang\zh-cn.php
[ info ] [ BEHAVIOR ] Run app\common\behavior\Common @app_dispatch [ RunTime:0.000218s ]
[ info ] [ BIND ] 'admin'
[ info ] [ ROUTE ] array (
  'type' => 'module',
  'module' => 
  array (
    0 => 'admin',
    1 => 'addon',
    2 => 'uninstall',
  ),
)
[ info ] [ HEADER ] array (
  'cookie' => '_ga=GA1.2.1453279067.1606274574; PHPSESSID=ovb3ko0vib2voma1bnnmj5udpl; think_var=zh-cn',
  'accept-language' => 'zh-CN,zh;q=0.9',
  'accept-encoding' => 'gzip, deflate',
  'origin' => 'http://testfast.phpweb.com',
  'content-type' => 'application/x-www-form-urlencoded; charset=UTF-8',
  'user-agent' => 'Mozilla/5.0 (Windows NT 10.0; Win64; x64) AppleWebKit/537.36 (KHTML, like Gecko) Chrome/86.0.4240.111 Safari/537.36',
  'x-requested-with' => 'XMLHttpRequest',
  'accept' => 'application/json, text/javascript, */*; q=0.01',
  'content-length' => '32',
  'connection' => 'close',
  'host' => 'testfast.phpweb.com',
)
[ info ] [ PARAM ] array (
  'name' => 'qrcode',
  'force' => '0',
  'droptables' => '1',
)
[ info ] [ LANG ] D:\phpstudy_pro\WWW\testfast\public/../application/admin\lang\zh-cn.php
[ info ] [ BEHAVIOR ] Run app\common\behavior\Common @module_init [ RunTime:0.001068s ]
[ info ] [ SESSION ] INIT array (
  'id' => '',
  'var_session_id' => '',
  'prefix' => 'think',
  'type' => '',
  'auto_start' => true,
)
[ info ] [ DB ] INIT mysql
[ info ] [ LANG ] D:\phpstudy_pro\WWW\testfast\public/../application/admin/lang/zh-cn/addon.php
[ info ] [ RUN ] app\admin\controller\Addon->uninstall[ D:\phpstudy_pro\WWW\testfast\application\admin\controller\Addon.php ]
[ info ] [ BEHAVIOR ] Run app\admin\behavior\AdminLog @app_end [ RunTime:0.006567s ]
[ info ] [ LOG ] INIT File
---------------------------------------------------------------
[ 2020-12-04T16:39:18+08:00 ] 127.0.0.1 POST testfast.phpweb.com/index/index
[运行时间：0.121008s] [吞吐率：8.26req/s] [内存消耗：4,479.16kb] [文件加载：152]
[ info ] [ BEHAVIOR ] Run Closure @app_init [ RunTime:0.000014s ]
[ info ] [ CACHE ] INIT File
[ info ] [ BEHAVIOR ] Run Closure @app_init [ RunTime:0.001322s ]
[ info ] [ LANG ] D:\phpstudy_pro\WWW\testfast\thinkphp\lang\zh-cn.php
[ info ] [ BEHAVIOR ] Run app\common\behavior\Common @app_dispatch [ RunTime:0.000312s ]
[ info ] [ BIND ] 'admin'
[ info ] [ ROUTE ] array (
  'type' => 'module',
  'module' => 
  array (
    0 => 'admin',
    1 => 'index',
    2 => 'index',
  ),
)
[ info ] [ HEADER ] array (
  'cookie' => '_ga=GA1.2.1453279067.1606274574; PHPSESSID=ovb3ko0vib2voma1bnnmj5udpl; think_var=zh-cn',
  'accept-language' => 'zh-CN,zh;q=0.9',
  'accept-encoding' => 'gzip, deflate',
  'origin' => 'http://testfast.phpweb.com',
  'content-type' => 'application/x-www-form-urlencoded; charset=UTF-8',
  'user-agent' => 'Mozilla/5.0 (Windows NT 10.0; Win64; x64) AppleWebKit/537.36 (KHTML, like Gecko) Chrome/86.0.4240.111 Safari/537.36',
  'x-requested-with' => 'XMLHttpRequest',
  'accept' => 'application/json, text/javascript, */*; q=0.01',
  'content-length' => '18',
  'connection' => 'close',
  'host' => 'testfast.phpweb.com',
)
[ info ] [ PARAM ] array (
  'action' => 'refreshmenu',
)
[ info ] [ LANG ] D:\phpstudy_pro\WWW\testfast\public/../application/admin\lang\zh-cn.php
[ info ] [ BEHAVIOR ] Run app\common\behavior\Common @module_init [ RunTime:0.002284s ]
[ info ] [ SESSION ] INIT array (
  'id' => '',
  'var_session_id' => '',
  'prefix' => 'think',
  'type' => '',
  'auto_start' => true,
)
[ info ] [ LANG ] D:\phpstudy_pro\WWW\testfast\public/../application/admin/lang/zh-cn/index.php
[ info ] [ RUN ] app\admin\controller\Index->index[ D:\phpstudy_pro\WWW\testfast\application\admin\controller\Index.php ]
[ info ] [ DB ] INIT mysql
[ info ] [ BEHAVIOR ] Run app\admin\behavior\AdminLog @app_end [ RunTime:0.000471s ]
[ info ] [ LOG ] INIT File
