[ 2020-11-30T09:14:28+08:00 ][ info ] [ BEHAVIOR ] Run Closure @app_init [ RunTime:0.000140s ]
[ info ] [ LOG ] INIT File
[ 2020-11-30T09:14:28+08:00 ][ info ] [ CACHE ] INIT File
[ 2020-11-30T09:14:28+08:00 ][ info ] [ BEHAVIOR ] Run Closure @app_init [ RunTime:0.001785s ]
[ 2020-11-30T09:14:28+08:00 ][ info ] [ DB ] INIT mysql
[ 2020-11-30T09:14:59+08:00 ][ info ] [ BEHAVIOR ] Run Closure @app_init [ RunTime:0.000130s ]
[ info ] [ LOG ] INIT File
[ 2020-11-30T09:14:59+08:00 ][ info ] [ CACHE ] INIT File
[ 2020-11-30T09:14:59+08:00 ][ info ] [ BEHAVIOR ] Run Closure @app_init [ RunTime:0.004157s ]
[ 2020-11-30T09:14:59+08:00 ][ info ] [ DB ] INIT mysql
[ 2020-11-30T09:15:19+08:00 ][ info ] [ BEHAVIOR ] Run Closure @app_init [ RunTime:0.000111s ]
[ info ] [ LOG ] INIT File
[ 2020-11-30T09:15:19+08:00 ][ info ] [ CACHE ] INIT File
[ 2020-11-30T09:15:19+08:00 ][ info ] [ BEHAVIOR ] Run Closure @app_init [ RunTime:0.001772s ]
[ 2020-11-30T09:15:19+08:00 ][ info ] [ DB ] INIT mysql
[ 2020-11-30T09:15:36+08:00 ][ info ] [ BEHAVIOR ] Run Closure @app_init [ RunTime:0.000112s ]
[ info ] [ LOG ] INIT File
[ 2020-11-30T09:15:36+08:00 ][ info ] [ CACHE ] INIT File
[ 2020-11-30T09:15:36+08:00 ][ info ] [ BEHAVIOR ] Run Closure @app_init [ RunTime:0.001644s ]
[ 2020-11-30T09:15:36+08:00 ][ info ] [ DB ] INIT mysql
[ 2020-11-30T09:15:36+08:00 ][ info ] [ LANG ] D:\phpstudy_pro\WWW\testfast\application\admin\lang/zh-cn.php
[ 2020-11-30T09:15:36+08:00 ][ info ] [ LANG ] D:\phpstudy_pro\WWW\testfast\application\admin\lang/zh-cn.php
[ 2020-11-30T09:15:36+08:00 ][ info ] [ LANG ] D:\phpstudy_pro\WWW\testfast\application\admin\lang/zh-cn.php
[ 2020-11-30T14:47:38+08:00 ][ info ] [ BEHAVIOR ] Run Closure @app_init [ RunTime:0.000253s ]
[ info ] [ LOG ] INIT File
[ 2020-11-30T14:47:38+08:00 ][ info ] [ CACHE ] INIT File
[ 2020-11-30T14:47:38+08:00 ][ info ] [ BEHAVIOR ] Run Closure @app_init [ RunTime:0.001680s ]
[ 2020-11-30T14:47:38+08:00 ][ info ] [ DB ] INIT mysql
[ 2020-11-30T14:47:54+08:00 ][ info ] [ BEHAVIOR ] Run Closure @app_init [ RunTime:0.000136s ]
[ info ] [ LOG ] INIT File
[ 2020-11-30T14:47:54+08:00 ][ info ] [ CACHE ] INIT File
[ 2020-11-30T14:47:54+08:00 ][ info ] [ BEHAVIOR ] Run Closure @app_init [ RunTime:0.002804s ]
[ 2020-11-30T14:47:54+08:00 ][ info ] [ DB ] INIT mysql
[ 2020-11-30T14:47:54+08:00 ][ info ] [ LANG ] D:\phpstudy_pro\WWW\testfast\application\admin\lang/zh-cn.php
